#
# A fatal error has been detected by the Java Runtime Environment:
#
#  Internal Error (jvmciRuntime.cpp:1609), pid=31, tid=45
#  fatal error: Fatal exception in JVMCI: Error calling jdk.vm.ci.services.Services.serializeSavedProperties
#
# JRE version: OpenJDK Runtime Environment GraalVM CE 22.3.0 (17.0.5+8) (build 17.0.5+8-jvmci-22.3-b08)
# Java VM: OpenJDK 64-Bit Server VM GraalVM CE 22.3.0 (17.0.5+8-jvmci-22.3-b08, mixed mode, sharing, tiered, jvmci, jvmci compiler, compressed oops, compressed class ptrs, parallel gc, linux-amd64)
# Problematic frame:
# V  [libjvm.so+0x972714]  JVMCIRuntime::fatal_exception(JVMCIEnv*, char const*)+0x74
#
# Core dump will be written. Default location: Core dumps may be processed with "/usr/share/apport/apport -p%p -s%s -c%c -d%d -P%P -u%u -g%g -- %E" (or dumping to /home/runner/data-analytics-Clazedognut/core.31)
#
# If you would like to submit a bug report, please visit:
#   https://github.com/oracle/graal/issues
#

---------------  S U M M A R Y ------------

Command Line: -XX:ThreadPriorityPolicy=1 -XX:+UnlockExperimentalVMOptions -XX:+EnableJVMCIProduct -XX:JVMCIThreadsPerNativeLibraryRuntime=1 -XX:-UnlockExperimentalVMOptions -Declipse.application=org.eclipse.jdt.ls.core.id1 -Dosgi.bundles.defaultStartLevel=4 -Declipse.product=org.eclipse.jdt.ls.core.product -Dlog.level=ALL -Xverify:none -XX:+UseParallelGC -XX:GCTimeRatio=4 -XX:AdaptiveSizePolicyWeight=90 -Dsun.zip.disableMemoryMapping=true -Xmx512m -Xms100m /nix/store/m6gcpi1ii6rghy04cjwjddcavv7i90df-jdt-language-server-1.9.0/share/java/plugins/org.eclipse.equinox.launcher_1.6.400.v20210924-0641.jar --add-modules=ALL-SYSTEM --add-opens java.base/java.util=ALL-UNNAMED --add-opens java.base/java.lang=ALL-UNNAMED -configuration /home/runner/.cache/jdt-language-server/config -data /home/runner/.cache/jdt-language-server/data/home/runner/data-analytics-Clazedognut

Host: AMD EPYC 7B12, 8 cores, 1G, Ubuntu 20.04.2 LTS
Time: Wed Mar  1 02:21:34 2023 UTC elapsed time: 979.500491 seconds (0d 0h 16m 19s)

---------------  T H R E A D  ---------------

Current thread (0x00007f6c5c0b2230):  JavaThread "JVMCI-native CompilerThread0" daemon [_thread_in_vm, id=45, stack(0x00007f6c42ccd000,0x00007f6c42ecd000)]


Current CompileTask:
JVMCI-native: 979500 11284       4       java.lang.StringLatin1::trim (76 bytes)

Stack: [0x00007f6c42ccd000,0x00007f6c42ecd000],  sp=0x00007f6c42ecb380,  free space=2040k
Native frames: (J=compiled Java code, j=interpreted, Vv=VM code, C=native code)
V  [libjvm.so+0x972714]  JVMCIRuntime::fatal_exception(JVMCIEnv*, char const*)+0x74
V  [libjvm.so+0x93e2fe]  JVMCIEnv::copy_saved_properties()+0x14e
V  [libjvm.so+0x9732a9]  JVMCIRuntime::initialize(JVMCIEnv*)+0xb19
V  [libjvm.so+0x9738a2]  JVMCIRuntime::get_HotSpotJVMCIRuntime(JVMCIEnv*)+0x12
V  [libjvm.so+0x9749f2]  JVMCIRuntime::compile_method(JVMCIEnv*, JVMCICompiler*, methodHandle const&, int)+0xd2
V  [libjvm.so+0x5b0d20]  CompileBroker::invoke_compiler_on_method(CompileTask*)+0x1470
V  [libjvm.so+0x5b12e8]  CompileBroker::compiler_thread_loop()+0x528
V  [libjvm.so+0xd82460]  JavaThread::thread_main_inner()+0xd0
V  [libjvm.so+0xd85a40]  Thread::call_run()+0xc0
V  [libjvm.so+0xbdb1e1]  thread_native_entry(Thread*)+0xe1

Register to memory mapping:

RAX=0x00007f6c62a39000 points into unknown readable memory: 0x0000000000000058 | 58 00 00 00 00 00 00 00
RBX=0x00007f6c63b34398: <offset 0x0000000000ef5398> in /nix/store/gpxl5qgg8kicmcvivwmybwjlpf7wh20l-graalvm17-ce-22.3.0/lib/server/libjvm.so at 0x00007f6c62c3f000
RCX=0x00007f6c63aec1e8: <offset 0x0000000000ead1e8> in /nix/store/gpxl5qgg8kicmcvivwmybwjlpf7wh20l-graalvm17-ce-22.3.0/lib/server/libjvm.so at 0x00007f6c62c3f000
RDX=0x0000000000000649 is an unknown value
RSP=0x00007f6c42ecb380 is pointing into the stack for thread: 0x00007f6c5c0b2230
RBP=0x00007f6c42ecb3a0 is pointing into the stack for thread: 0x00007f6c5c0b2230
RSI=0x00007f6c63b34c48: <offset 0x0000000000ef5c48> in /nix/store/gpxl5qgg8kicmcvivwmybwjlpf7wh20l-graalvm17-ce-22.3.0/lib/server/libjvm.so at 0x00007f6c62c3f000
RDI=0x00000000e0000000 is an oop: [B 
{0x00000000e0000000} - klass: {type array byte}
 - length: 49
R8 =0x00007f6c63b34398: <offset 0x0000000000ef5398> in /nix/store/gpxl5qgg8kicmcvivwmybwjlpf7wh20l-graalvm17-ce-22.3.0/lib/server/libjvm.so at 0x00007f6c62c3f000
R9 =0x00007f6c42ecb330 is pointing into the stack for thread: 0x00007f6c5c0b2230
R10=0x00007f6c42ecc948 is pointing into the stack for thread: 0x00007f6c5c0b2230
R11=0x0000000000000293 is an unknown value
R12=0x0 is NULL
R13=0x00007f6c5c0b2230 is a thread
R14=0x00007f6c5c000b80 points into unknown readable memory: 0x00007f6c63d65a38 | 38 5a d6 63 6c 7f 00 00
R15=0x00007f6c63e73e40: <offset 0x0000000001234e40> in /nix/store/gpxl5qgg8kicmcvivwmybwjlpf7wh20l-graalvm17-ce-22.3.0/lib/server/libjvm.so at 0x00007f6c62c3f000


Registers:
RAX=0x00007f6c62a39000, RBX=0x00007f6c63b34398, RCX=0x00007f6c63aec1e8, RDX=0x0000000000000649
RSP=0x00007f6c42ecb380, RBP=0x00007f6c42ecb3a0, RSI=0x00007f6c63b34c48, RDI=0x00000000e0000000
R8 =0x00007f6c63b34398, R9 =0x00007f6c42ecb330, R10=0x00007f6c42ecc948, R11=0x0000000000000293
R12=0x0000000000000000, R13=0x00007f6c5c0b2230, R14=0x00007f6c5c000b80, R15=0x00007f6c63e73e40
RIP=0x00007f6c635b1714, EFLAGS=0x0000000000010206, CSGSFS=0x002b000000000033, ERR=0x0000000000000006
  TRAPNO=0x000000000000000e

Top of Stack: (sp=0x00007f6c42ecb380)
0x00007f6c42ecb380:   00007f6c42ecb940 00007f6c5c0b2230
0x00007f6c42ecb390:   00007f6c613cc888 0000000800c42498
0x00007f6c42ecb3a0:   00007f6c42ecb500 00007f6c6357d2fe
0x00007f6c42ecb3b0:   00007f6c42ecb3e0 00007f6c42ecb440 

Instructions: (pc=0x00007f6c635b1714)
0x00007f6c635b1614:   30 e8 f6 cf e8 ff 4c 89 e7 e8 2e 48 d1 ff 84 db
0x00007f6c635b1624:   75 2a 4d 85 ed 74 04 4d 8b 6d 00 48 83 c4 08 44
0x00007f6c635b1634:   89 f9 4c 89 f2 4c 89 ee 5b 4c 89 e7 41 5c 41 5d
0x00007f6c635b1644:   41 5e 41 5f 5d e9 e2 47 d1 ff 66 90 48 83 c4 08
0x00007f6c635b1654:   5b 41 5c 41 5d 41 5e 41 5f 5d c3 90 31 d2 be 08
0x00007f6c635b1664:   00 00 00 4c 89 ff e8 b1 78 a3 ff 49 89 c5 e9 37
0x00007f6c635b1674:   ff ff ff 66 0f 1f 84 00 00 00 00 00 48 8b 7a 08
0x00007f6c635b1684:   e9 6d ff ff ff 0f 1f 80 00 00 00 00 e8 5b 48 0a
0x00007f6c635b1694:   00 84 c0 75 89 e9 6a ff ff ff 66 90 55 48 89 e5
0x00007f6c635b16a4:   41 56 41 55 41 54 49 89 fc 53 48 89 f3 66 48 8d
0x00007f6c635b16b4:   3d 27 5e 85 00 66 66 48 e8 df 43 8d ff 4c 8b 28
0x00007f6c635b16c4:   8b 05 be 72 8a 00 85 c0 75 14 ba 01 00 00 00 48
0x00007f6c635b16d4:   8d 0d ae 72 8a 00 f0 0f b1 11 85 c0 74 4e be c8
0x00007f6c635b16e4:   00 00 00 4c 89 ef e8 01 0b 41 00 48 8d 05 12 ac
0x00007f6c635b16f4:   85 00 49 89 d8 48 8d 0d e8 aa 53 00 ba 49 06 00
0x00007f6c635b1704:   00 48 8d 35 3c 35 58 00 bf 00 00 00 e0 48 8b 00
0x00007f6c635b1714:   c6 00 58 31 c0 e8 e2 91 c6 ff 5b 41 5c 41 5d 41
0x00007f6c635b1724:   5e 5d e9 55 34 26 00 0f 1f 44 00 00 48 8d 05 81
0x00007f6c635b1734:   a3 8b 00 48 89 df 4c 8b 30 e8 9e 43 8d ff 48 89
0x00007f6c635b1744:   de 48 89 c2 49 8b 06 4c 89 f7 ff 50 08 4c 89 f7
0x00007f6c635b1754:   e8 a7 5c 27 00 4d 85 e4 74 12 be 01 00 00 00 4c
0x00007f6c635b1764:   89 e7 e8 35 43 fc ff eb 82 0f 1f 00 be 01 00 00
0x00007f6c635b1774:   00 4c 89 ef e8 d3 fd ff ff e9 6d ff ff ff 66 66
0x00007f6c635b1784:   2e 0f 1f 84 00 00 00 00 00 0f 1f 00 55 48 89 e5
0x00007f6c635b1794:   41 57 41 56 41 55 41 54 53 48 81 ec 08 02 00 00
0x00007f6c635b17a4:   64 48 8b 04 25 28 00 00 00 48 89 45 c8 8b 07 83
0x00007f6c635b17b4:   f8 02 0f 84 11 04 00 00 4c 8b 6f 18 49 89 ff 49
0x00007f6c635b17c4:   89 f4 4d 85 ed 74 14 4c 89 ef e8 5d 57 22 00 41
0x00007f6c635b17d4:   8b 07 83 f8 02 0f 84 19 04 00 00 48 8d 1d 9a 06
0x00007f6c635b17e4:   8a 00 4c 8d 35 0b 3c 58 00 eb 38 90 48 85 d2 7f
0x00007f6c635b17f4:   0d 48 8d 05 b4 c0 85 00 48 83 38 00 7e 0e 41 8b
0x00007f6c635b1804:   77 2c 4c 89 f7 31 c0 e8 a0 b2 f7 ff 49 8b 7f 18 


Stack slot to memory mapping:
stack at sp + 0 slots: 0x00007f6c42ecb940 is pointing into the stack for thread: 0x00007f6c5c0b2230
stack at sp + 1 slots: 0x00007f6c5c0b2230 is a thread
stack at sp + 2 slots: 0x00007f6c613cc888 points into unknown readable memory: 0x657300183c7affff | ff ff 7a 3c 18 00 73 65
stack at sp + 3 slots: 0x0000000800c42498 is a pointer to class: 
jdk.vm.ci.services.Services {0x0000000800c42498}
 - instance size:     2
 - klass size:        65
 - access:            public final synchronized 
 - state:             fully_initialized
 - name:              'jdk/vm/ci/services/Services'
 - super:             'java/lang/Object'
 - sub:               
 - arrays:            NULL
 - methods:           Array<T>(0x00007f6c6044f548)
 - method ordering:   Array<T>(0x0000000800928960)
 - default_methods:   Array<T>(0x0000000000000000)
 - local interfaces:  Array<T>(0x00000008005ce810)
 - trans. interfaces: Array<T>(0x00000008005ce810)
 - constants:         constant pool [427] {0x00007f6c6044e628} for 'jdk/vm/ci/services/Services' cache=0x00007f6c60450818
 - class loader data:  loader data: 0x00007f6c5c028410 of 'bootstrap'
 - source file:       'Services.java'
 - class annotations:       Array<T>(0x0000000000000000)
 - class type annotations:  Array<T>(0x0000000000000000)
 - field annotations:       Array<T>(0x0000000000000000)
 - field type annotations:  Array<T>(0x0000000000000000)
 - inner classes:     Array<T>(0x00007f6c604507e8)
 - nest members:     Array<T>(0x00007f6c60450808)
 - permitted subclasses:     Array<T>(0x00000008005ce7a0)
 - java mirror:       a 'java/lang/Class'{0x00000000e0179258} = 'jdk/vm/ci/services/Services'
 - vtable length      5  (start addr: 0x0000000800c42668)
 - itable length      2 (start addr: 0x0000000800c42690)
 - ---- static fields (3 words):
 - public static final 'IS_BUILDING_NATIVE_IMAGE' 'Z' @128 
 - public static final 'IS_IN_NATIVE_IMAGE' 'Z' @129 
 - private static volatile 'savedProperties' 'Ljava/util/Map;' @112 
 - static final 'JVMCI_ENABLED' 'Z' @130 
 - private static final 'servicesCache' 'Ljava/util/Map;' @116 
 - private static final 'MAX_UNICODE_IN_UTF8_LENGTH' 'I' @120 
 - private static final 'MAX_UTF8_PROPERTY_STRING_LENGTH' 'I' @124 
 - ---- non-static fields (0 words):
 - non-static oop maps: 
stack at sp + 4 slots: 0x00007f6c42ecb500 is pointing into the stack for thread: 0x00007f6c5c0b2230
stack at sp + 5 slots: 0x00007f6c6357d2fe: <offset 0x000000000093e2fe> in /nix/store/gpxl5qgg8kicmcvivwmybwjlpf7wh20l-graalvm17-ce-22.3.0/lib/server/libjvm.so at 0x00007f6c62c3f000
stack at sp + 6 slots: 0x00007f6c42ecb3e0 is pointing into the stack for thread: 0x00007f6c5c0b2230
stack at sp + 7 slots: 0x00007f6c42ecb440 is pointing into the stack for thread: 0x00007f6c5c0b2230


---------------  P R O C E S S  ---------------

Threads class SMR info:
_java_thread_list=0x00007f6be4038b80, length=32, elements={
0x00007f6c5c0266b0, 0x00007f6c5c0a64f0, 0x00007f6c5c0a7930, 0x00007f6c5c0ae0a0,
0x00007f6c5c0af450, 0x00007f6c5c0b0840, 0x00007f6c5c0b2230, 0x00007f6c5c0b3740,
0x00007f6c5c0b4b90, 0x00007f6c5c0d8420, 0x00007f6c5c11fd50, 0x00007f6c5c333030,
0x00007f6c5c366e70, 0x00007f6c5c368d20, 0x00007f6c5c3945a0, 0x00007f6bf0017010,
0x00007f6bf02c1210, 0x00007f6bf0325070, 0x00007f6be40010d0, 0x00007f6bf04a4df0,
0x00007f6bf060f940, 0x00007f6c5c3aec20, 0x00007f6c5c4c5ab0, 0x00007f6bcc000ff0,
0x00007f6bec1c0b90, 0x00007f6bec189d80, 0x00007f6bec18a700, 0x00007f6bec18b2b0,
0x00007f6bec18bec0, 0x00007f6bc0001170, 0x00007f6bec136b00, 0x00007f6be403a9d0
}

Java Threads: ( => current thread )
  0x00007f6c5c0266b0 JavaThread "main" [_thread_blocked, id=37, stack(0x00007f6c62a5a000,0x00007f6c62b5a000)]
  0x00007f6c5c0a64f0 JavaThread "Reference Handler" daemon [_thread_blocked, id=40, stack(0x00007f6c601fe000,0x00007f6c602fe000)]
  0x00007f6c5c0a7930 JavaThread "Finalizer" daemon [_thread_blocked, id=41, stack(0x00007f6c600fe000,0x00007f6c601fe000)]
  0x00007f6c5c0ae0a0 JavaThread "Signal Dispatcher" daemon [_thread_blocked, id=42, stack(0x00007f6c430cd000,0x00007f6c431cd000)]
  0x00007f6c5c0af450 JavaThread "Service Thread" daemon [_thread_blocked, id=43, stack(0x00007f6c42fcd000,0x00007f6c430cd000)]
  0x00007f6c5c0b0840 JavaThread "Monitor Deflation Thread" daemon [_thread_blocked, id=44, stack(0x00007f6c42ecd000,0x00007f6c42fcd000)]
=>0x00007f6c5c0b2230 JavaThread "JVMCI-native CompilerThread0" daemon [_thread_in_vm, id=45, stack(0x00007f6c42ccd000,0x00007f6c42ecd000)]
  0x00007f6c5c0b3740 JavaThread "C1 CompilerThread0" daemon [_thread_blocked, id=46, stack(0x00007f6c42acd000,0x00007f6c42ccd000)]
  0x00007f6c5c0b4b90 JavaThread "Sweeper thread" daemon [_thread_blocked, id=47, stack(0x00007f6c429cd000,0x00007f6c42acd000)]
  0x00007f6c5c0d8420 JavaThread "Common-Cleaner" daemon [_thread_blocked, id=48, stack(0x00007f6c428cd000,0x00007f6c429cd000)]
  0x00007f6c5c11fd50 JavaThread "Notification Thread" daemon [_thread_blocked, id=50, stack(0x00007f6c427cd000,0x00007f6c428cd000)]
  0x00007f6c5c333030 JavaThread "Active Thread: Equinox Container: 3e6c2482-1afe-4ce4-9048-9e13b570ec30" [_thread_blocked, id=63, stack(0x00007f6c425cb000,0x00007f6c426cb000)]
  0x00007f6c5c366e70 JavaThread "Framework Event Dispatcher: Equinox Container: 3e6c2482-1afe-4ce4-9048-9e13b570ec30" daemon [_thread_blocked, id=64, stack(0x00007f6c40100000,0x00007f6c40200000)]
  0x00007f6c5c368d20 JavaThread "Start Level: Equinox Container: 3e6c2482-1afe-4ce4-9048-9e13b570ec30" daemon [_thread_blocked, id=65, stack(0x00007f6c0ad00000,0x00007f6c0ae00000)]
  0x00007f6c5c3945a0 JavaThread "Refresh Thread: Equinox Container: 3e6c2482-1afe-4ce4-9048-9e13b570ec30" daemon [_thread_blocked, id=75, stack(0x00007f6c0ab00000,0x00007f6c0ac00000)]
  0x00007f6bf0017010 JavaThread "SCR Component Actor" daemon [_thread_blocked, id=79, stack(0x00007f6c0a900000,0x00007f6c0aa00000)]
  0x00007f6bf02c1210 JavaThread "Worker-JM" [_thread_blocked, id=86, stack(0x00007f6c0a500000,0x00007f6c0a600000)]
  0x00007f6bf0325070 JavaThread "Worker-0: Periodic workspace save." [_thread_blocked, id=93, stack(0x00007f6c0a300000,0x00007f6c0a400000)]
  0x00007f6be40010d0 JavaThread "Worker-1: Java indexing... " [_thread_blocked, id=96, stack(0x00007f6c0a200000,0x00007f6c0a300000)]
  0x00007f6bf04a4df0 JavaThread "Java indexing" daemon [_thread_blocked, id=97, stack(0x00007f6c0a100000,0x00007f6c0a200000)]
  0x00007f6bf060f940 JavaThread "Bundle File Closer" daemon [_thread_blocked, id=98, stack(0x00007f6c09f00000,0x00007f6c0a000000)]
  0x00007f6c5c3aec20 JavaThread "pool-3-thread-1" [_thread_blocked, id=108, stack(0x00007f6c09b00000,0x00007f6c09c00000)]
  0x00007f6c5c4c5ab0 JavaThread "pool-2-thread-1" [_thread_blocked, id=110, stack(0x00007f6c0a700000,0x00007f6c0a800000)]
  0x00007f6bcc000ff0 JavaThread "Worker-4: Compacting resource model" [_thread_blocked, id=119, stack(0x00007f6c09700000,0x00007f6c09800000)]
  0x00007f6bec1c0b90 JavaThread "Thread-5" [_thread_blocked, id=277, stack(0x00007f6c09300000,0x00007f6c09400000)]
  0x00007f6bec189d80 JavaThread "Thread-6" [_thread_blocked, id=286, stack(0x00007f6c0aa00000,0x00007f6c0ab00000)]
  0x00007f6bec18a700 JavaThread "Thread-8" [_thread_blocked, id=296, stack(0x00007f6c0a600000,0x00007f6c0a700000)]
  0x00007f6bec18b2b0 JavaThread "Thread-10" [_thread_blocked, id=301, stack(0x00007f6c40000000,0x00007f6c40100000)]
  0x00007f6bec18bec0 JavaThread "Thread-11" [_thread_blocked, id=303, stack(0x00007f6c0a400000,0x00007f6c0a500000)]
  0x00007f6bc0001170 JavaThread "Worker-7" [_thread_blocked, id=1072, stack(0x00007f6c09d00000,0x00007f6c09e00000)]
  0x00007f6bec136b00 JavaThread "Thread-26" [_thread_blocked, id=2469, stack(0x00007f6c09900000,0x00007f6c09a00000)]
  0x00007f6be403a9d0 JavaThread "ForkJoinPool-3-worker-1" daemon [_thread_blocked, id=3078, stack(0x00007f6c09e00000,0x00007f6c09f00000)]

Other Threads:
  0x00007f6c5c0a1c30 VMThread "VM Thread" [stack: 0x00007f6c60300000,0x00007f6c60400000] [id=39] _threads_hazard_ptr=0x00007f6be4038b80
  0x00007f6c5c1216f0 WatcherThread [stack: 0x00007f6c426cd000,0x00007f6c427cd000] [id=51]
  0x00007f6c5c03df50 GCTaskThread "GC Thread#0" [stack: 0x00007f6c6261d000,0x00007f6c6271d000] [id=38]

Threads with active compile tasks:
JVMCI-native CompilerThread0   979604 11284       4       java.lang.StringLatin1::trim (76 bytes)

VM state: synchronizing (normal execution)

VM Mutex/Monitor currently owned by a thread:  ([mutex/lock_event])
[0x00007f6c5c023860] Threads_lock - owner thread: 0x00007f6c5c0a1c30
[0x00007f6c5c024010] Heap_lock - owner thread: 0x00007f6c5c3aec20

OutOfMemory and StackOverflow Exception counts:
OutOfMemoryError java_heap_errors=5
LinkageErrors=53

Heap address: 0x00000000e0000000, size: 512 MB, Compressed Oops mode: 32-bit

CDS archive(s) mapped at: [0x0000000800000000-0x0000000800bc8000-0x0000000800bc8000), size 12353536, SharedBaseAddress: 0x0000000800000000, ArchiveRelocationMode: 0.
Compressed class space mapped at: 0x0000000800c00000-0x0000000840c00000, reserved size: 1073741824
Narrow klass base: 0x0000000800000000, Narrow klass shift: 0, Narrow klass range: 0x100000000

GC Precious Log:
 CPUs: 8 total, 1 available
 Memory: 1024M
 Large Page Support: Disabled
 NUMA Support: Disabled
 Compressed Oops: Enabled (32-bit)
 Alignments: Space 512K, Generation 512K, Heap 2M
 Heap Min Capacity: 100M
 Heap Initial Capacity: 100M
 Heap Max Capacity: 512M
 Pre-touch: Disabled
 Parallel Workers: 1

Heap:
 PSYoungGen      total 49152K, used 22016K [0x00000000f5580000, 0x00000000fa100000, 0x0000000100000000)
  eden space 22016K, 100% used [0x00000000f5580000,0x00000000f6b00000,0x00000000f6b00000)
  from space 27136K, 0% used [0x00000000f6b00000,0x00000000f6b00000,0x00000000f8580000)
  to   space 16384K, 0% used [0x00000000f8580000,0x00000000f8580000,0x00000000f9580000)
 ParOldGen       total 349696K, used 349696K [0x00000000e0000000, 0x00000000f5580000, 0x00000000f5580000)
  object space 349696K, 100% used [0x00000000e0000000,0x00000000f5580000,0x00000000f5580000)
 Metaspace       used 60255K, committed 61120K, reserved 1105920K
  class space    used 5773K, committed 6080K, reserved 1048576K

Card table byte_map: [0x00007f6c6271d000,0x00007f6c6281e000] _byte_map_base: 0x00007f6c6201d000

Marking Bits: (ParMarkBitMap*) 0x00007f6c63e6d4c0
 Begin Bits: [0x00007f6c61570000, 0x00007f6c61d70000)
 End Bits:   [0x00007f6c61d70000, 0x00007f6c62570000)

Polling page: 0x00007f6c62a37000

Metaspace:

Usage:
  Non-class:     53.21 MB used.
      Class:      5.64 MB used.
       Both:     58.84 MB used.

Virtual space:
  Non-class space:       56.00 MB reserved,      53.75 MB ( 96%) committed,  7 nodes.
      Class space:        1.00 GB reserved,       5.94 MB ( <1%) committed,  1 nodes.
             Both:        1.05 GB reserved,      59.69 MB (  6%) committed. 

Chunk freelists:
   Non-Class:  2.28 MB
       Class:  2.10 MB
        Both:  4.38 MB

MaxMetaspaceSize: unlimited
CompressedClassSpaceSize: 1.00 GB
Initial GC threshold: 21.00 MB
Current GC threshold: 99.31 MB
CDS: on
MetaspaceReclaimPolicy: balanced
 - commit_granule_bytes: 65536.
 - commit_granule_words: 8192.
 - virtual_space_node_default_size: 1048576.
 - enlarge_chunks_in_place: 1.
 - new_chunks_are_fully_committed: 0.
 - uncommit_free_chunks: 1.
 - use_allocation_guard: 0.
 - handle_deallocations: 1.


Internal statistics:

num_allocs_failed_limit: 6.
num_arena_births: 388.
num_arena_deaths: 78.
num_vsnodes_births: 8.
num_vsnodes_deaths: 0.
num_space_committed: 952.
num_space_uncommitted: 0.
num_chunks_returned_to_freelist: 107.
num_chunks_taken_from_freelist: 2703.
num_chunk_merges: 41.
num_chunk_splits: 1766.
num_chunks_enlarged: 1095.
num_purges: 8.
num_inconsistent_stats: 0.

CodeHeap 'non-profiled nmethods': size=120036Kb used=2560Kb max_used=2560Kb free=117475Kb
 bounds [0x00007f6c4af7a000, 0x00007f6c4b20a000, 0x00007f6c524b3000]
CodeHeap 'profiled nmethods': size=120032Kb used=18466Kb max_used=21030Kb free=101566Kb
 bounds [0x00007f6c43a42000, 0x00007f6c44ed2000, 0x00007f6c4af7a000]
CodeHeap 'non-nmethods': size=5692Kb used=1389Kb max_used=1397Kb free=4302Kb
 bounds [0x00007f6c434b3000, 0x00007f6c43723000, 0x00007f6c43a42000]
 total_blobs=8523 nmethods=7801 adapters=617
 compilation: enabled
              stopped_count=0, restarted_count=0
 full_count=0

JVMCI Events (20 events):
Event: 714.537 Thread 0x00007f6c5c0b2230 releasing handles for JVMCI runtime 0: oop handles=58, metadata handles={total=123, live=109, blocks=33}
Event: 714.537 Thread 0x00007f6c5c0b2230 detached from JVMCI runtime 0
Event: 804.267 Thread 0x00007f6c5c0b2230 attached to JVMCI runtime 0
Event: 804.269 Thread 0x00007f6c5c0b2230 created JavaVM[8]@0x00007f6c08d9e340 for JVMCI runtime 0
Event: 804.269 Thread 0x00007f6c5c0b2230 initializing JVMCI runtime 0
Event: 804.269 Thread 0x00007f6c5c0b2230 done waiting for JavaVM references initialization in JVMCI runtime 0
Event: 826.277 Thread 0x00007f6c5c0b2230 initialized JVMCI runtime 0
Event: 833.953 Thread 0x00007f6c5c0b2230 compacted oop handles in JVMCI runtime 0 from 52 to 49
Event: 867.154 Thread 0x00007f6c5c0b2230 compacted oop handles in JVMCI runtime 0 from 68 to 62
Event: 868.699 Thread 0x00007f6c5c0b2230 detaching from JVMCI runtime 0: releasing idle compiler thread (0 other threads still attached)
Event: 868.699 Thread 0x00007f6c5c0b2230 shutting down HotSpotJVMCIRuntime for JVMCI runtime 0
Event: 868.700 Thread 0x00007f6c5c0b2230 shut down JVMCI runtime 0
Event: 868.704 Thread 0x00007f6c5c0b2230 destroyed JavaVM[8]@0x00007f6c08d9e340 for JVMCI runtime 0
Event: 868.704 Thread 0x00007f6c5c0b2230 compacted oop handles in JVMCI runtime 0 from 62 to 62
Event: 868.704 Thread 0x00007f6c5c0b2230 releasing handles for JVMCI runtime 0: oop handles=62, metadata handles={total=102, live=97, blocks=33}
Event: 868.704 Thread 0x00007f6c5c0b2230 detached from JVMCI runtime 0
Event: 916.495 Thread 0x00007f6c5c0b2230 attached to JVMCI runtime 0
Event: 916.497 Thread 0x00007f6c5c0b2230 created JavaVM[9]@0x00007f6c08d9e340 for JVMCI runtime 0
Event: 916.497 Thread 0x00007f6c5c0b2230 initializing JVMCI runtime 0
Event: 916.497 Thread 0x00007f6c5c0b2230 done waiting for JavaVM references initialization in JVMCI runtime 0

Compilation events (20 events):
Event: 588.471 Thread 0x00007f6c5c0b3740 nmethod 11274 0x00007f6c43bdc890 code [0x00007f6c43bdca40, 0x00007f6c43bdce10]
Event: 620.584 Thread 0x00007f6c5c0b2230 11275       4       java.util.concurrent.ConcurrentHashMap::get (162 bytes)
Event: 648.131 Thread 0x00007f6c5c0b3740 11276       3       java.io.OutputStreamWriter::write (11 bytes)
Event: 649.778 Thread 0x00007f6c5c0b3740 nmethod 11276 0x00007f6c44151b10 code [0x00007f6c44151cc0, 0x00007f6c44151e20]
Event: 711.942 Thread 0x00007f6c5c0b2230 nmethod 11275 0x00007f6c4b1f7790 code [0x00007f6c4b1f7920, 0x00007f6c4b1f7ec0]
Event: 745.498 Thread 0x00007f6c5c0b3740 11277       1       org.eclipse.osgi.internal.framework.EquinoxContainer::getStorage (5 bytes)
Event: 745.498 Thread 0x00007f6c5c0b3740 nmethod 11277 0x00007f6c4b1f8190 code [0x00007f6c4b1f8320, 0x00007f6c4b1f83f0]
Event: 774.841 Thread 0x00007f6c5c0b3740 11278       3       java.lang.Class::protectionDomain (48 bytes)
Event: 774.842 Thread 0x00007f6c5c0b3740 nmethod 11278 0x00007f6c43c4ca90 code [0x00007f6c43c4ccc0, 0x00007f6c43c4d270]
Event: 792.701 Thread 0x00007f6c5c0b3740 11279       1       org.eclipse.lsp4j.jsonrpc.messages.Either::getRight (5 bytes)
Event: 792.701 Thread 0x00007f6c5c0b3740 nmethod 11279 0x00007f6c4b1f8490 code [0x00007f6c4b1f8620, 0x00007f6c4b1f86f0]
Event: 804.267 Thread 0x00007f6c5c0b2230 11280   !   4       java.lang.ref.ReferenceQueue::enqueue (119 bytes)
Event: 810.070 Thread 0x00007f6c5c0b3740 11281       3       java.util.concurrent.ThreadPoolExecutor::isShutdown (12 bytes)
Event: 810.070 Thread 0x00007f6c5c0b3740 nmethod 11281 0x00007f6c4413c010 code [0x00007f6c4413c1c0, 0x00007f6c4413c3b0]
Event: 830.991 Thread 0x00007f6c5c0b3740 11282       3       java.util.concurrent.ScheduledThreadPoolExecutor::canRunInCurrentRunState (61 bytes)
Event: 830.992 Thread 0x00007f6c5c0b3740 nmethod 11282 0x00007f6c442b5e90 code [0x00007f6c442b60a0, 0x00007f6c442b6b40]
Event: 833.953 Thread 0x00007f6c5c0b2230 nmethod 11280 0x00007f6c4b1f8790 code [0x00007f6c4b1f8940, 0x00007f6c4b1f8cf0]
Event: 833.953 Thread 0x00007f6c5c0b2230 11283       4       java.lang.String::<init> (830 bytes)
Event: 867.154 Thread 0x00007f6c5c0b2230 nmethod 11283 0x00007f6c4b1f8f10 code [0x00007f6c4b1f9100, 0x00007f6c4b1f9e20]
Event: 916.495 Thread 0x00007f6c5c0b2230 11284       4       java.lang.StringLatin1::trim (76 bytes)

GC Heap History (20 events):
Event: 962.902 GC heap before
{Heap before GC invocations=654 (full 566):
 PSYoungGen      total 49152K, used 22016K [0x00000000f5580000, 0x00000000fa100000, 0x0000000100000000)
  eden space 22016K, 100% used [0x00000000f5580000,0x00000000f6b00000,0x00000000f6b00000)
  from space 27136K, 0% used [0x00000000f6b00000,0x00000000f6b00000,0x00000000f8580000)
  to   space 16384K, 0% used [0x00000000f8580000,0x00000000f8580000,0x00000000f9580000)
 ParOldGen       total 349696K, used 349695K [0x00000000e0000000, 0x00000000f5580000, 0x00000000f5580000)
  object space 349696K, 99% used [0x00000000e0000000,0x00000000f557fff8,0x00000000f5580000)
 Metaspace       used 60255K, committed 61120K, reserved 1105920K
  class space    used 5773K, committed 6080K, reserved 1048576K
}
Event: 964.478 GC heap after
{Heap after GC invocations=654 (full 566):
 PSYoungGen      total 38400K, used 22016K [0x00000000f5580000, 0x00000000fa100000, 0x0000000100000000)
  eden space 22016K, 100% used [0x00000000f5580000,0x00000000f6b00000,0x00000000f6b00000)
  from space 16384K, 0% used [0x00000000f8580000,0x00000000f8580000,0x00000000f9580000)
  to   space 27136K, 0% used [0x00000000f6b00000,0x00000000f6b00000,0x00000000f8580000)
 ParOldGen       total 349696K, used 349695K [0x00000000e0000000, 0x00000000f5580000, 0x00000000f5580000)
  object space 349696K, 99% used [0x00000000e0000000,0x00000000f557fff8,0x00000000f5580000)
 Metaspace       used 60255K, committed 61120K, reserved 1105920K
  class space    used 5773K, committed 6080K, reserved 1048576K
}
Event: 964.478 GC heap before
{Heap before GC invocations=655 (full 567):
 PSYoungGen      total 38400K, used 22016K [0x00000000f5580000, 0x00000000fa100000, 0x0000000100000000)
  eden space 22016K, 100% used [0x00000000f5580000,0x00000000f6b00000,0x00000000f6b00000)
  from space 16384K, 0% used [0x00000000f8580000,0x00000000f8580000,0x00000000f9580000)
  to   space 27136K, 0% used [0x00000000f6b00000,0x00000000f6b00000,0x00000000f8580000)
 ParOldGen       total 349696K, used 349695K [0x00000000e0000000, 0x00000000f5580000, 0x00000000f5580000)
  object space 349696K, 99% used [0x00000000e0000000,0x00000000f557fff8,0x00000000f5580000)
 Metaspace       used 60255K, committed 61120K, reserved 1105920K
  class space    used 5773K, committed 6080K, reserved 1048576K
}
Event: 965.990 GC heap after
{Heap after GC invocations=655 (full 567):
 PSYoungGen      total 49152K, used 22016K [0x00000000f5580000, 0x00000000fa100000, 0x0000000100000000)
  eden space 22016K, 100% used [0x00000000f5580000,0x00000000f6b00000,0x00000000f6b00000)
  from space 27136K, 0% used [0x00000000f6b00000,0x00000000f6b00000,0x00000000f8580000)
  to   space 16384K, 0% used [0x00000000f8580000,0x00000000f8580000,0x00000000f9580000)
 ParOldGen       total 349696K, used 349695K [0x00000000e0000000, 0x00000000f5580000, 0x00000000f5580000)
  object space 349696K, 99% used [0x00000000e0000000,0x00000000f557fff8,0x00000000f5580000)
 Metaspace       used 60255K, committed 61120K, reserved 1105920K
  class space    used 5773K, committed 6080K, reserved 1048576K
}
Event: 965.991 GC heap before
{Heap before GC invocations=656 (full 568):
 PSYoungGen      total 49152K, used 22016K [0x00000000f5580000, 0x00000000fa100000, 0x0000000100000000)
  eden space 22016K, 100% used [0x00000000f5580000,0x00000000f6b00000,0x00000000f6b00000)
  from space 27136K, 0% used [0x00000000f6b00000,0x00000000f6b00000,0x00000000f8580000)
  to   space 16384K, 0% used [0x00000000f8580000,0x00000000f8580000,0x00000000f9580000)
 ParOldGen       total 349696K, used 349695K [0x00000000e0000000, 0x00000000f5580000, 0x00000000f5580000)
  object space 349696K, 99% used [0x00000000e0000000,0x00000000f557fff8,0x00000000f5580000)
 Metaspace       used 60255K, committed 61120K, reserved 1105920K
  class space    used 5773K, committed 6080K, reserved 1048576K
}
Event: 967.560 GC heap after
{Heap after GC invocations=656 (full 568):
 PSYoungGen      total 38400K, used 22016K [0x00000000f5580000, 0x00000000fa100000, 0x0000000100000000)
  eden space 22016K, 100% used [0x00000000f5580000,0x00000000f6b00000,0x00000000f6b00000)
  from space 16384K, 0% used [0x00000000f8580000,0x00000000f8580000,0x00000000f9580000)
  to   space 27136K, 0% used [0x00000000f6b00000,0x00000000f6b00000,0x00000000f8580000)
 ParOldGen       total 349696K, used 349695K [0x00000000e0000000, 0x00000000f5580000, 0x00000000f5580000)
  object space 349696K, 99% used [0x00000000e0000000,0x00000000f557fff8,0x00000000f5580000)
 Metaspace       used 60255K, committed 61120K, reserved 1105920K
  class space    used 5773K, committed 6080K, reserved 1048576K
}
Event: 967.560 GC heap before
{Heap before GC invocations=657 (full 569):
 PSYoungGen      total 38400K, used 22016K [0x00000000f5580000, 0x00000000fa100000, 0x0000000100000000)
  eden space 22016K, 100% used [0x00000000f5580000,0x00000000f6b00000,0x00000000f6b00000)
  from space 16384K, 0% used [0x00000000f8580000,0x00000000f8580000,0x00000000f9580000)
  to   space 27136K, 0% used [0x00000000f6b00000,0x00000000f6b00000,0x00000000f8580000)
 ParOldGen       total 349696K, used 349695K [0x00000000e0000000, 0x00000000f5580000, 0x00000000f5580000)
  object space 349696K, 99% used [0x00000000e0000000,0x00000000f557fff8,0x00000000f5580000)
 Metaspace       used 60255K, committed 61120K, reserved 1105920K
  class space    used 5773K, committed 6080K, reserved 1048576K
}
Event: 969.108 GC heap after
{Heap after GC invocations=657 (full 569):
 PSYoungGen      total 49152K, used 22016K [0x00000000f5580000, 0x00000000fa100000, 0x0000000100000000)
  eden space 22016K, 100% used [0x00000000f5580000,0x00000000f6b00000,0x00000000f6b00000)
  from space 27136K, 0% used [0x00000000f6b00000,0x00000000f6b00000,0x00000000f8580000)
  to   space 16384K, 0% used [0x00000000f8580000,0x00000000f8580000,0x00000000f9580000)
 ParOldGen       total 349696K, used 349695K [0x00000000e0000000, 0x00000000f5580000, 0x00000000f5580000)
  object space 349696K, 99% used [0x00000000e0000000,0x00000000f557fff8,0x00000000f5580000)
 Metaspace       used 60255K, committed 61120K, reserved 1105920K
  class space    used 5773K, committed 6080K, reserved 1048576K
}
Event: 969.109 GC heap before
{Heap before GC invocations=658 (full 570):
 PSYoungGen      total 49152K, used 22016K [0x00000000f5580000, 0x00000000fa100000, 0x0000000100000000)
  eden space 22016K, 100% used [0x00000000f5580000,0x00000000f6b00000,0x00000000f6b00000)
  from space 27136K, 0% used [0x00000000f6b00000,0x00000000f6b00000,0x00000000f8580000)
  to   space 16384K, 0% used [0x00000000f8580000,0x00000000f8580000,0x00000000f9580000)
 ParOldGen       total 349696K, used 349695K [0x00000000e0000000, 0x00000000f5580000, 0x00000000f5580000)
  object space 349696K, 99% used [0x00000000e0000000,0x00000000f557fff8,0x00000000f5580000)
 Metaspace       used 60255K, committed 61120K, reserved 1105920K
  class space    used 5773K, committed 6080K, reserved 1048576K
}
Event: 970.996 GC heap after
{Heap after GC invocations=658 (full 570):
 PSYoungGen      total 38400K, used 22016K [0x00000000f5580000, 0x00000000fa100000, 0x0000000100000000)
  eden space 22016K, 100% used [0x00000000f5580000,0x00000000f6b00000,0x00000000f6b00000)
  from space 16384K, 0% used [0x00000000f8580000,0x00000000f8580000,0x00000000f9580000)
  to   space 27136K, 0% used [0x00000000f6b00000,0x00000000f6b00000,0x00000000f8580000)
 ParOldGen       total 349696K, used 349694K [0x00000000e0000000, 0x00000000f5580000, 0x00000000f5580000)
  object space 349696K, 99% used [0x00000000e0000000,0x00000000f557fa58,0x00000000f5580000)
 Metaspace       used 60255K, committed 61120K, reserved 1105920K
  class space    used 5773K, committed 6080K, reserved 1048576K
}
Event: 970.998 GC heap before
{Heap before GC invocations=659 (full 571):
 PSYoungGen      total 38400K, used 22016K [0x00000000f5580000, 0x00000000fa100000, 0x0000000100000000)
  eden space 22016K, 100% used [0x00000000f5580000,0x00000000f6b00000,0x00000000f6b00000)
  from space 16384K, 0% used [0x00000000f8580000,0x00000000f8580000,0x00000000f9580000)
  to   space 27136K, 0% used [0x00000000f6b00000,0x00000000f6b00000,0x00000000f8580000)
 ParOldGen       total 349696K, used 349695K [0x00000000e0000000, 0x00000000f5580000, 0x00000000f5580000)
  object space 349696K, 99% used [0x00000000e0000000,0x00000000f557fff8,0x00000000f5580000)
 Metaspace       used 60255K, committed 61120K, reserved 1105920K
  class space    used 5773K, committed 6080K, reserved 1048576K
}
Event: 972.623 GC heap after
{Heap after GC invocations=659 (full 571):
 PSYoungGen      total 49152K, used 22016K [0x00000000f5580000, 0x00000000fa100000, 0x0000000100000000)
  eden space 22016K, 100% used [0x00000000f5580000,0x00000000f6b00000,0x00000000f6b00000)
  from space 27136K, 0% used [0x00000000f6b00000,0x00000000f6b00000,0x00000000f8580000)
  to   space 16384K, 0% used [0x00000000f8580000,0x00000000f8580000,0x00000000f9580000)
 ParOldGen       total 349696K, used 349695K [0x00000000e0000000, 0x00000000f5580000, 0x00000000f5580000)
  object space 349696K, 99% used [0x00000000e0000000,0x00000000f557ffe0,0x00000000f5580000)
 Metaspace       used 60255K, committed 61120K, reserved 1105920K
  class space    used 5773K, committed 6080K, reserved 1048576K
}
Event: 972.628 GC heap before
{Heap before GC invocations=660 (full 572):
 PSYoungGen      total 49152K, used 22016K [0x00000000f5580000, 0x00000000fa100000, 0x0000000100000000)
  eden space 22016K, 100% used [0x00000000f5580000,0x00000000f6b00000,0x00000000f6b00000)
  from space 27136K, 0% used [0x00000000f6b00000,0x00000000f6b00000,0x00000000f8580000)
  to   space 16384K, 0% used [0x00000000f8580000,0x00000000f8580000,0x00000000f9580000)
 ParOldGen       total 349696K, used 349696K [0x00000000e0000000, 0x00000000f5580000, 0x00000000f5580000)
  object space 349696K, 100% used [0x00000000e0000000,0x00000000f5580000,0x00000000f5580000)
 Metaspace       used 60255K, committed 61120K, reserved 1105920K
  class space    used 5773K, committed 6080K, reserved 1048576K
}
Event: 974.475 GC heap after
{Heap after GC invocations=660 (full 572):
 PSYoungGen      total 38400K, used 22016K [0x00000000f5580000, 0x00000000fa100000, 0x0000000100000000)
  eden space 22016K, 100% used [0x00000000f5580000,0x00000000f6b00000,0x00000000f6b00000)
  from space 16384K, 0% used [0x00000000f8580000,0x00000000f8580000,0x00000000f9580000)
  to   space 27136K, 0% used [0x00000000f6b00000,0x00000000f6b00000,0x00000000f8580000)
 ParOldGen       total 349696K, used 349696K [0x00000000e0000000, 0x00000000f5580000, 0x00000000f5580000)
  object space 349696K, 100% used [0x00000000e0000000,0x00000000f5580000,0x00000000f5580000)
 Metaspace       used 60255K, committed 61120K, reserved 1105920K
  class space    used 5773K, committed 6080K, reserved 1048576K
}
Event: 974.475 GC heap before
{Heap before GC invocations=661 (full 573):
 PSYoungGen      total 38400K, used 22016K [0x00000000f5580000, 0x00000000fa100000, 0x0000000100000000)
  eden space 22016K, 100% used [0x00000000f5580000,0x00000000f6b00000,0x00000000f6b00000)
  from space 16384K, 0% used [0x00000000f8580000,0x00000000f8580000,0x00000000f9580000)
  to   space 27136K, 0% used [0x00000000f6b00000,0x00000000f6b00000,0x00000000f8580000)
 ParOldGen       total 349696K, used 349696K [0x00000000e0000000, 0x00000000f5580000, 0x00000000f5580000)
  object space 349696K, 100% used [0x00000000e0000000,0x00000000f5580000,0x00000000f5580000)
 Metaspace       used 60255K, committed 61120K, reserved 1105920K
  class space    used 5773K, committed 6080K, reserved 1048576K
}
Event: 976.176 GC heap after
{Heap after GC invocations=661 (full 573):
 PSYoungGen      total 49152K, used 22016K [0x00000000f5580000, 0x00000000fa100000, 0x0000000100000000)
  eden space 22016K, 100% used [0x00000000f5580000,0x00000000f6b00000,0x00000000f6b00000)
  from space 27136K, 0% used [0x00000000f6b00000,0x00000000f6b00000,0x00000000f8580000)
  to   space 16384K, 0% used [0x00000000f8580000,0x00000000f8580000,0x00000000f9580000)
 ParOldGen       total 349696K, used 349696K [0x00000000e0000000, 0x00000000f5580000, 0x00000000f5580000)
  object space 349696K, 100% used [0x00000000e0000000,0x00000000f5580000,0x00000000f5580000)
 Metaspace       used 60255K, committed 61120K, reserved 1105920K
  class space    used 5773K, committed 6080K, reserved 1048576K
}
Event: 976.178 GC heap before
{Heap before GC invocations=662 (full 574):
 PSYoungGen      total 49152K, used 22016K [0x00000000f5580000, 0x00000000fa100000, 0x0000000100000000)
  eden space 22016K, 100% used [0x00000000f5580000,0x00000000f6b00000,0x00000000f6b00000)
  from space 27136K, 0% used [0x00000000f6b00000,0x00000000f6b00000,0x00000000f8580000)
  to   space 16384K, 0% used [0x00000000f8580000,0x00000000f8580000,0x00000000f9580000)
 ParOldGen       total 349696K, used 349696K [0x00000000e0000000, 0x00000000f5580000, 0x00000000f5580000)
  object space 349696K, 100% used [0x00000000e0000000,0x00000000f5580000,0x00000000f5580000)
 Metaspace       used 60255K, committed 61120K, reserved 1105920K
  class space    used 5773K, committed 6080K, reserved 1048576K
}
Event: 977.992 GC heap after
{Heap after GC invocations=662 (full 574):
 PSYoungGen      total 38400K, used 22016K [0x00000000f5580000, 0x00000000fa100000, 0x0000000100000000)
  eden space 22016K, 100% used [0x00000000f5580000,0x00000000f6b00000,0x00000000f6b00000)
  from space 16384K, 0% used [0x00000000f8580000,0x00000000f8580000,0x00000000f9580000)
  to   space 27136K, 0% used [0x00000000f6b00000,0x00000000f6b00000,0x00000000f8580000)
 ParOldGen       total 349696K, used 349696K [0x00000000e0000000, 0x00000000f5580000, 0x00000000f5580000)
  object space 349696K, 100% used [0x00000000e0000000,0x00000000f5580000,0x00000000f5580000)
 Metaspace       used 60255K, committed 61120K, reserved 1105920K
  class space    used 5773K, committed 6080K, reserved 1048576K
}
Event: 977.992 GC heap before
{Heap before GC invocations=663 (full 575):
 PSYoungGen      total 38400K, used 22016K [0x00000000f5580000, 0x00000000fa100000, 0x0000000100000000)
  eden space 22016K, 100% used [0x00000000f5580000,0x00000000f6b00000,0x00000000f6b00000)
  from space 16384K, 0% used [0x00000000f8580000,0x00000000f8580000,0x00000000f9580000)
  to   space 27136K, 0% used [0x00000000f6b00000,0x00000000f6b00000,0x00000000f8580000)
 ParOldGen       total 349696K, used 349696K [0x00000000e0000000, 0x00000000f5580000, 0x00000000f5580000)
  object space 349696K, 100% used [0x00000000e0000000,0x00000000f5580000,0x00000000f5580000)
 Metaspace       used 60255K, committed 61120K, reserved 1105920K
  class space    used 5773K, committed 6080K, reserved 1048576K
}
Event: 979.486 GC heap after
{Heap after GC invocations=663 (full 575):
 PSYoungGen      total 49152K, used 22016K [0x00000000f5580000, 0x00000000fa100000, 0x0000000100000000)
  eden space 22016K, 100% used [0x00000000f5580000,0x00000000f6b00000,0x00000000f6b00000)
  from space 27136K, 0% used [0x00000000f6b00000,0x00000000f6b00000,0x00000000f8580000)
  to   space 16384K, 0% used [0x00000000f8580000,0x00000000f8580000,0x00000000f9580000)
 ParOldGen       total 349696K, used 349696K [0x00000000e0000000, 0x00000000f5580000, 0x00000000f5580000)
  object space 349696K, 100% used [0x00000000e0000000,0x00000000f5580000,0x00000000f5580000)
 Metaspace       used 60255K, committed 61120K, reserved 1105920K
  class space    used 5773K, committed 6080K, reserved 1048576K
}

Dll operation events (9 events):
Event: 0.004 Loaded shared library /nix/store/gpxl5qgg8kicmcvivwmybwjlpf7wh20l-graalvm17-ce-22.3.0/lib/libjava.so
Event: 0.013 Loaded shared library /nix/store/gpxl5qgg8kicmcvivwmybwjlpf7wh20l-graalvm17-ce-22.3.0/lib/libjsvml.so
Event: 0.290 Loaded shared library /nix/store/gpxl5qgg8kicmcvivwmybwjlpf7wh20l-graalvm17-ce-22.3.0/lib/libnio.so
Event: 0.295 Loaded shared library /nix/store/gpxl5qgg8kicmcvivwmybwjlpf7wh20l-graalvm17-ce-22.3.0/lib/libzip.so
Event: 0.298 Loaded shared library /nix/store/gpxl5qgg8kicmcvivwmybwjlpf7wh20l-graalvm17-ce-22.3.0/lib/libjvmcicompiler.so
Event: 0.754 Loaded shared library /nix/store/gpxl5qgg8kicmcvivwmybwjlpf7wh20l-graalvm17-ce-22.3.0/lib/libjimage.so
Event: 1.371 Loaded shared library /nix/store/gpxl5qgg8kicmcvivwmybwjlpf7wh20l-graalvm17-ce-22.3.0/lib/libnet.so
Event: 5.466 Loaded shared library /home/runner/.cache/jdt-language-server/config/org.eclipse.equinox.launcher/org.eclipse.equinox.launcher.gtk.linux.x86_64_1.2.400.v20211117-0650/eclipse_11600.so
Event: 16.955 Loaded shared library /nix/store/gpxl5qgg8kicmcvivwmybwjlpf7wh20l-graalvm17-ce-22.3.0/lib/libextnet.so

Deoptimization events (20 events):
Event: 226.784 Thread 0x00007f6c5c0b2230 Uncommon trap: trap_request=0xffffffed fr.pc=0x00007f6c4b1f0f4e relative=0x0000000000000b6e
Event: 226.784 Thread 0x00007f6c5c0b2230 Uncommon trap: reason=null_assert_or_unreached0 action=reinterpret pc=0x00007f6c4b1f0f4e method=java.io.DataOutputStream.writeUTF(Ljava/lang/String;Ljava/io/DataOutput;)I @ 59 jvmci
Event: 228.187 Thread 0x00007f6c5c0b2230 DEOPT PACKING pc=0x00007f6c4b1f0f4e sp=0x00007f6c42ecaff0
Event: 228.187 Thread 0x00007f6c5c0b2230 DEOPT UNPACKING pc=0x00007f6c43505325 sp=0x00007f6c42eca440 mode 3
Event: 959.688 Thread 0x00007f6bec136b00 Uncommon trap: trap_request=0xffffff8f fr.pc=0x00007f6c4b1e342a relative=0x00000000000009ea
Event: 959.688 Thread 0x00007f6bec136b00 Uncommon trap: reason=constraint action=none pc=0x00007f6c4b1e342a method=java.util.Hashtable.addEntry(ILjava/lang/Object;Ljava/lang/Object;I)V @ 42 jvmci
Event: 959.688 Thread 0x00007f6bec136b00 DEOPT PACKING pc=0x00007f6c4b1e342a sp=0x00007f6c099fdf30
Event: 959.688 Thread 0x00007f6bec136b00 DEOPT UNPACKING pc=0x00007f6c43505325 sp=0x00007f6c099fd358 mode 3
Event: 969.109 Thread 0x00007f6c5c4c5ab0 Uncommon trap: trap_request=0xffffff8f fr.pc=0x00007f6c4b13319b relative=0x00000000000009bb
Event: 969.109 Thread 0x00007f6c5c4c5ab0 Uncommon trap: reason=constraint action=none pc=0x00007f6c4b13319b method=java.util.HashMap.putVal(ILjava/lang/Object;Ljava/lang/Object;ZZ)Ljava/lang/Object; @ 145 jvmci
Event: 969.109 Thread 0x00007f6c5c4c5ab0 DEOPT PACKING pc=0x00007f6c4b13319b sp=0x00007f6c0a7fcfb0
Event: 969.109 Thread 0x00007f6c5c4c5ab0 DEOPT UNPACKING pc=0x00007f6c43505325 sp=0x00007f6c0a7fc450 mode 3
Event: 970.996 Thread 0x00007f6bf04a4df0 Uncommon trap: trap_request=0xffffff8f fr.pc=0x00007f6c4b0f6299 relative=0x0000000000001059
Event: 970.996 Thread 0x00007f6bf04a4df0 Uncommon trap: reason=constraint action=none pc=0x00007f6c4b0f6299 method=org.eclipse.jdt.internal.core.index.DiskIndex.copyQueryResults(Lorg/eclipse/jdt/internal/compiler/util/HashtableOfObject;I)V @ 123 jvmci
Event: 970.996 Thread 0x00007f6bf04a4df0 DEOPT PACKING pc=0x00007f6c4b0f6299 sp=0x00007f6c0a1fe550
Event: 970.996 Thread 0x00007f6bf04a4df0 DEOPT UNPACKING pc=0x00007f6c43505325 sp=0x00007f6c0a1fda28 mode 3
Event: 976.177 Thread 0x00007f6bec136b00 Uncommon trap: trap_request=0xffffff8f fr.pc=0x00007f6c4b1e342a relative=0x00000000000009ea
Event: 976.177 Thread 0x00007f6bec136b00 Uncommon trap: reason=constraint action=none pc=0x00007f6c4b1e342a method=java.util.Hashtable.addEntry(ILjava/lang/Object;Ljava/lang/Object;I)V @ 42 jvmci
Event: 976.177 Thread 0x00007f6bec136b00 DEOPT PACKING pc=0x00007f6c4b1e342a sp=0x00007f6c099fdf30
Event: 976.178 Thread 0x00007f6bec136b00 DEOPT UNPACKING pc=0x00007f6c43505325 sp=0x00007f6c099fd358 mode 3

Classes unloaded (20 events):
Event: 166.384 Thread 0x00007f6c5c0a1c30 Unloading class 0x0000000800f10400 'jdk/internal/reflect/GeneratedConstructorAccessor11'
Event: 166.384 Thread 0x00007f6c5c0a1c30 Unloading class 0x0000000800f10000 'jdk/internal/reflect/GeneratedConstructorAccessor10'
Event: 169.816 Thread 0x00007f6c5c0a1c30 Unloading class 0x00000008011e8000 'jdk/internal/reflect/GeneratedConstructorAccessor39'
Event: 169.816 Thread 0x00007f6c5c0a1c30 Unloading class 0x0000000801120400 'jdk/internal/reflect/GeneratedConstructorAccessor33'
Event: 169.816 Thread 0x00007f6c5c0a1c30 Unloading class 0x0000000801120000 'jdk/internal/reflect/GeneratedConstructorAccessor32'
Event: 169.816 Thread 0x00007f6c5c0a1c30 Unloading class 0x0000000801118c00 'jdk/internal/reflect/GeneratedConstructorAccessor31'
Event: 169.816 Thread 0x00007f6c5c0a1c30 Unloading class 0x0000000801118800 'jdk/internal/reflect/GeneratedConstructorAccessor30'
Event: 169.816 Thread 0x00007f6c5c0a1c30 Unloading class 0x0000000801118400 'jdk/internal/reflect/GeneratedConstructorAccessor29'
Event: 169.816 Thread 0x00007f6c5c0a1c30 Unloading class 0x0000000801080400 'jdk/internal/reflect/GeneratedSerializationConstructorAccessor4'
Event: 169.816 Thread 0x00007f6c5c0a1c30 Unloading class 0x0000000801080000 'jdk/internal/reflect/GeneratedSerializationConstructorAccessor3'
Event: 169.816 Thread 0x00007f6c5c0a1c30 Unloading class 0x000000080107cc00 'jdk/internal/reflect/GeneratedSerializationConstructorAccessor2'
Event: 169.816 Thread 0x00007f6c5c0a1c30 Unloading class 0x000000080107c800 'jdk/internal/reflect/GeneratedSerializationConstructorAccessor1'
Event: 169.816 Thread 0x00007f6c5c0a1c30 Unloading class 0x0000000801059000 'java/lang/invoke/LambdaForm$MH+0x0000000801059000'
Event: 169.816 Thread 0x00007f6c5c0a1c30 Unloading class 0x0000000801058c00 'java/lang/invoke/LambdaForm$MH+0x0000000801058c00'
Event: 169.816 Thread 0x00007f6c5c0a1c30 Unloading class 0x0000000801058800 'java/lang/invoke/LambdaForm$MH+0x0000000801058800'
Event: 169.816 Thread 0x00007f6c5c0a1c30 Unloading class 0x0000000801058400 'java/lang/invoke/LambdaForm$MH+0x0000000801058400'
Event: 169.816 Thread 0x00007f6c5c0a1c30 Unloading class 0x0000000801058000 'java/lang/invoke/LambdaForm$MH+0x0000000801058000'
Event: 169.816 Thread 0x00007f6c5c0a1c30 Unloading class 0x000000080104a400 'java/lang/invoke/LambdaForm$MH+0x000000080104a400'
Event: 169.816 Thread 0x00007f6c5c0a1c30 Unloading class 0x0000000800d98400 'java/lang/invoke/LambdaForm$MH+0x0000000800d98400'
Event: 169.816 Thread 0x00007f6c5c0a1c30 Unloading class 0x0000000800d04000 'java/lang/invoke/LambdaForm$MH+0x0000000800d04000'

Classes redefined (0 events):
No events

Internal exceptions (20 events):
Event: 97.374 Thread 0x00007f6bc0001170 Exception <a 'sun/nio/fs/UnixException'{0x00000000f6484ac8}> (0x00000000f6484ac8) 
thrown [src/hotspot/share/prims/jni.cpp, line 516]
Event: 97.374 Thread 0x00007f6bc0001170 Exception <a 'sun/nio/fs/UnixException'{0x00000000f6485680}> (0x00000000f6485680) 
thrown [src/hotspot/share/prims/jni.cpp, line 516]
Event: 97.375 Thread 0x00007f6bc0001170 Exception <a 'sun/nio/fs/UnixException'{0x00000000f648e220}> (0x00000000f648e220) 
thrown [src/hotspot/share/prims/jni.cpp, line 516]
Event: 97.375 Thread 0x00007f6bc0001170 Exception <a 'sun/nio/fs/UnixException'{0x00000000f6494a98}> (0x00000000f6494a98) 
thrown [src/hotspot/share/prims/jni.cpp, line 516]
Event: 97.375 Thread 0x00007f6bc0001170 Exception <a 'sun/nio/fs/UnixException'{0x00000000f6495650}> (0x00000000f6495650) 
thrown [src/hotspot/share/prims/jni.cpp, line 516]
Event: 97.380 Thread 0x00007f6bc0001170 Exception <a 'sun/nio/fs/UnixException'{0x00000000f64c5d78}> (0x00000000f64c5d78) 
thrown [src/hotspot/share/prims/jni.cpp, line 516]
Event: 97.384 Thread 0x00007f6bc0001170 Exception <a 'sun/nio/fs/UnixException'{0x00000000f64f8b40}> (0x00000000f64f8b40) 
thrown [src/hotspot/share/prims/jni.cpp, line 516]
Event: 97.450 Thread 0x00007f6bc0001170 Exception <a 'sun/nio/fs/UnixException'{0x00000000f64fc160}> (0x00000000f64fc160) 
thrown [src/hotspot/share/prims/jni.cpp, line 516]
Event: 97.452 Thread 0x00007f6bc0001170 Exception <a 'sun/nio/fs/UnixException'{0x00000000f6527b60}> (0x00000000f6527b60) 
thrown [src/hotspot/share/prims/jni.cpp, line 516]
Event: 97.658 Thread 0x00007f6bc0001170 Exception <a 'sun/nio/fs/UnixException'{0x00000000f6841458}> (0x00000000f6841458) 
thrown [src/hotspot/share/prims/jni.cpp, line 516]
Event: 226.784 Thread 0x00007f6c5c0b2230 Implicit null exception at 0x00007f6c4b1f0515 to 0x00007f6c4b1f0f33
Event: 959.688 Thread 0x00007f6bec136b00 Exception <a 'java/lang/OutOfMemoryError'{0x00000000e0010550}> (0x00000000e0010550) 
thrown [src/hotspot/share/gc/shared/memAllocator.cpp, line 138]
Event: 959.688 Thread 0x00007f6bec136b00 Implicit null exception at 0x00007f6c4b1e2f94 to 0x00007f6c4b1e340f
Event: 965.991 Thread 0x00007f6c5c4c5ab0 Exception <a 'java/lang/OutOfMemoryError'{0x00000000e000ffb0}> (0x00000000e000ffb0) 
thrown [src/hotspot/share/gc/shared/memAllocator.cpp, line 138]
Event: 969.109 Thread 0x00007f6c5c4c5ab0 Implicit null exception at 0x00007f6c4b132f0a to 0x00007f6c4b133180
Event: 969.109 Thread 0x00007f6bf04a4df0 Exception <a 'java/lang/OutOfMemoryError'{0x00000000e000ffb0}> (0x00000000e000ffb0) 
thrown [src/hotspot/share/gc/shared/memAllocator.cpp, line 138]
Event: 970.996 Thread 0x00007f6bf04a4df0 Implicit null exception at 0x00007f6c4b0f5ceb to 0x00007f6c4b0f627e
Event: 976.177 Thread 0x00007f6bec136b00 Exception <a 'java/lang/OutOfMemoryError'{0x00000000e000fa10}> (0x00000000e000fa10) 
thrown [src/hotspot/share/gc/shared/memAllocator.cpp, line 138]
Event: 976.177 Thread 0x00007f6bec136b00 Implicit null exception at 0x00007f6c4b1e2f94 to 0x00007f6c4b1e340f
Event: 979.487 Thread 0x00007f6c5c0b2230 Exception <a 'java/lang/OutOfMemoryError'{0x00000000e000fd30}> (0x00000000e000fd30) 
thrown [src/hotspot/share/gc/shared/memAllocator.cpp, line 136]

VM Operations (20 events):
Event: 953.596 Executing VM operation: ParallelGCFailedAllocation
Event: 956.811 Executing VM operation: ParallelGCFailedAllocation done
Event: 956.811 Executing VM operation: ParallelGCFailedAllocation
Event: 959.688 Executing VM operation: ParallelGCFailedAllocation done
Event: 959.688 Executing VM operation: ParallelGCFailedAllocation
Event: 961.315 Executing VM operation: ParallelGCFailedAllocation done
Event: 961.315 Executing VM operation: ParallelGCFailedAllocation
Event: 962.902 Executing VM operation: ParallelGCFailedAllocation done
Event: 962.902 Executing VM operation: ParallelGCFailedAllocation
Event: 965.991 Executing VM operation: ParallelGCFailedAllocation done
Event: 965.991 Executing VM operation: ParallelGCFailedAllocation
Event: 969.109 Executing VM operation: ParallelGCFailedAllocation done
Event: 969.109 Executing VM operation: ParallelGCFailedAllocation
Event: 970.996 Executing VM operation: ParallelGCFailedAllocation done
Event: 970.998 Executing VM operation: ParallelGCFailedAllocation
Event: 972.625 Executing VM operation: ParallelGCFailedAllocation done
Event: 972.625 Executing VM operation: ParallelGCFailedAllocation
Event: 976.177 Executing VM operation: ParallelGCFailedAllocation done
Event: 976.178 Executing VM operation: ParallelGCFailedAllocation
Event: 979.487 Executing VM operation: ParallelGCFailedAllocation done

Events (20 events):
Event: 93.156 Thread 0x00007f6c5c0b4b90 flushing nmethod 0x00007f6c44d74490
Event: 93.256 Thread 0x00007f6bec137720 Thread added: 0x00007f6bec137720
Event: 93.270 Protecting memory [0x00007f6c09c00000,0x00007f6c09c04000] with protection modes 0
Event: 93.386 Thread 0x00007f6bec1bfe70 Thread added: 0x00007f6bec1bfe70
Event: 93.387 Protecting memory [0x00007f6c0a000000,0x00007f6c0a004000] with protection modes 0
Event: 93.457 Thread 0x00007f6bec1bfe70 Thread exited: 0x00007f6bec1bfe70
Event: 95.367 Thread 0x00007f6bec137720 Thread exited: 0x00007f6bec137720
Event: 97.470 Thread 0x00007f6bb0035130 Thread added: 0x00007f6bb0035130
Event: 97.470 Protecting memory [0x00007f6c09c00000,0x00007f6c09c04000] with protection modes 0
Event: 97.659 Thread 0x00007f6bb0035130 Thread exited: 0x00007f6bb0035130
Event: 161.780 Thread 0x00007f6bd4001130 Thread exited: 0x00007f6bd4001130
Event: 161.780 Thread 0x00007f6bc0001170 Thread exited: 0x00007f6bc0001170
Event: 161.781 Thread 0x00007f6bc0061cb0 Thread exited: 0x00007f6bc0061cb0
Event: 161.781 Thread 0x00007f6be40074f0 Thread exited: 0x00007f6be40074f0
Event: 338.908 Thread 0x00007f6bc0001170 Thread added: 0x00007f6bc0001170
Event: 338.908 Protecting memory [0x00007f6c09d00000,0x00007f6c09d04000] with protection modes 0
Event: 792.701 Thread 0x00007f6bec136b00 Thread added: 0x00007f6bec136b00
Event: 792.701 Protecting memory [0x00007f6c09900000,0x00007f6c09904000] with protection modes 0
Event: 970.998 Thread 0x00007f6be403a9d0 Thread added: 0x00007f6be403a9d0
Event: 970.998 Protecting memory [0x00007f6c09e00000,0x00007f6c09e04000] with protection modes 0


Dynamic libraries:
e0000000-f5580000 rw-p 00000000 00:00 0 
f5580000-fa100000 rw-p 00000000 00:00 0 
fa100000-100000000 ---p 00000000 00:00 0 
800000000-800449000 rw-p 00001000 00:abc 4611686019135357769             /nix/store/gpxl5qgg8kicmcvivwmybwjlpf7wh20l-graalvm17-ce-22.3.0/lib/server/classes.jsa
800449000-800bc8000 r--p 0044a000 00:abc 4611686019135357769             /nix/store/gpxl5qgg8kicmcvivwmybwjlpf7wh20l-graalvm17-ce-22.3.0/lib/server/classes.jsa
800bc8000-800c00000 ---p 00000000 00:00 0 
800c00000-800c20000 rw-p 00000000 00:00 0 
800c20000-800c40000 rw-p 00000000 00:00 0 
800c40000-800cc0000 rw-p 00000000 00:00 0 
800cc0000-800d00000 rw-p 00000000 00:00 0 
800d00000-800dc0000 rw-p 00000000 00:00 0 
800dc0000-800e00000 rw-p 00000000 00:00 0 
800e00000-800f40000 rw-p 00000000 00:00 0 
800f40000-800f80000 rw-p 00000000 00:00 0 
800f80000-800fc0000 rw-p 00000000 00:00 0 
800fc0000-801000000 rw-p 00000000 00:00 0 
801000000-8011f0000 rw-p 00000000 00:00 0 
8011f0000-840c00000 ---p 00000000 00:00 0 
5557f80f4000-5557f80f5000 r-xp 00000000 00:abc 4611686019099417844       /nix/store/gpxl5qgg8kicmcvivwmybwjlpf7wh20l-graalvm17-ce-22.3.0/bin/.java-wrapped
5557f80f6000-5557f80f7000 r--p 00001000 00:abc 4611686019099417844       /nix/store/gpxl5qgg8kicmcvivwmybwjlpf7wh20l-graalvm17-ce-22.3.0/bin/.java-wrapped
5557f80f7000-5557f80f8000 rw-p 00002000 00:abc 4611686019099417844       /nix/store/gpxl5qgg8kicmcvivwmybwjlpf7wh20l-graalvm17-ce-22.3.0/bin/.java-wrapped
5557f80f8000-5557f80f9000 rw-p 00004000 00:abc 4611686019099417844       /nix/store/gpxl5qgg8kicmcvivwmybwjlpf7wh20l-graalvm17-ce-22.3.0/bin/.java-wrapped
5557f80f9000-5557f80fa000 rw-p 00005000 00:abc 4611686019099417844       /nix/store/gpxl5qgg8kicmcvivwmybwjlpf7wh20l-graalvm17-ce-22.3.0/bin/.java-wrapped
5557f8311000-5557f8359000 rw-p 00000000 00:00 0                          [heap]
7f6b90000000-7f6b90021000 rw-p 00000000 00:00 0 
7f6b90021000-7f6b94000000 ---p 00000000 00:00 0 
7f6b94000000-7f6b94021000 rw-p 00000000 00:00 0 
7f6b94021000-7f6b98000000 ---p 00000000 00:00 0 
7f6b98000000-7f6b980b0000 rw-p 00000000 00:00 0 
7f6b980b0000-7f6b9c000000 ---p 00000000 00:00 0 
7f6b9c000000-7f6b9c021000 rw-p 00000000 00:00 0 
7f6b9c021000-7f6ba0000000 ---p 00000000 00:00 0 
7f6ba0000000-7f6ba0021000 rw-p 00000000 00:00 0 
7f6ba0021000-7f6ba4000000 ---p 00000000 00:00 0 
7f6ba8000000-7f6ba805f000 rw-p 00000000 00:00 0 
7f6ba805f000-7f6bac000000 ---p 00000000 00:00 0 
7f6bac000000-7f6bac078000 rw-p 00000000 00:00 0 
7f6bac078000-7f6bb0000000 ---p 00000000 00:00 0 
7f6bb0000000-7f6bb005a000 rw-p 00000000 00:00 0 
7f6bb005a000-7f6bb4000000 ---p 00000000 00:00 0 
7f6bb5000000-7f6bb55d0000 rw-p 00000000 00:00 0 
7f6bb55d0000-7f6bb5800000 ---p 00000000 00:00 0 
7f6bb5c00000-7f6bb6400000 rw-p 00000000 00:00 0 
7f6bb64b3000-7f6bc0000000 r--s 00000000 00:abc 4611686019135192581       /nix/store/gpxl5qgg8kicmcvivwmybwjlpf7wh20l-graalvm17-ce-22.3.0/lib/modules
7f6bc0000000-7f6bc0086000 rw-p 00000000 00:00 0 
7f6bc0086000-7f6bc4000000 ---p 00000000 00:00 0 
7f6bc4000000-7f6bc4156000 rw-p 00000000 00:00 0 
7f6bc4156000-7f6bc8000000 ---p 00000000 00:00 0 
7f6bc8000000-7f6bc8021000 rw-p 00000000 00:00 0 
7f6bc8021000-7f6bcc000000 ---p 00000000 00:00 0 
7f6bcc000000-7f6bcc0e6000 rw-p 00000000 00:00 0 
7f6bcc0e6000-7f6bd0000000 ---p 00000000 00:00 0 
7f6bd0000000-7f6bd0021000 rw-p 00000000 00:00 0 
7f6bd0021000-7f6bd4000000 ---p 00000000 00:00 0 
7f6bd4000000-7f6bd411f000 rw-p 00000000 00:00 0 
7f6bd411f000-7f6bd8000000 ---p 00000000 00:00 0 
7f6bd8000000-7f6bd830a000 rw-p 00000000 00:00 0 
7f6bd830a000-7f6bdc000000 ---p 00000000 00:00 0 
7f6bdc000000-7f6bdc08e000 rw-p 00000000 00:00 0 
7f6bdc08e000-7f6be0000000 ---p 00000000 00:00 0 
7f6be0000000-7f6be0021000 rw-p 00000000 00:00 0 
7f6be0021000-7f6be4000000 ---p 00000000 00:00 0 
7f6be4000000-7f6be4061000 rw-p 00000000 00:00 0 
7f6be4061000-7f6be8000000 ---p 00000000 00:00 0 
7f6be8000000-7f6be8021000 rw-p 00000000 00:00 0 
7f6be8021000-7f6bec000000 ---p 00000000 00:00 0 
7f6bec000000-7f6bec209000 rw-p 00000000 00:00 0 
7f6bec209000-7f6bf0000000 ---p 00000000 00:00 0 
7f6bf0000000-7f6bf0902000 rw-p 00000000 00:00 0 
7f6bf0902000-7f6bf4000000 ---p 00000000 00:00 0 
7f6bf4000000-7f6bf4036000 rw-p 00000000 00:00 0 
7f6bf4036000-7f6bf8000000 ---p 00000000 00:00 0 
7f6bf8000000-7f6bf8021000 rw-p 00000000 00:00 0 
7f6bf8021000-7f6bfc000000 ---p 00000000 00:00 0 
7f6bfc000000-7f6bfc021000 rw-p 00000000 00:00 0 
7f6bfc021000-7f6c00000000 ---p 00000000 00:00 0 
7f6c00000000-7f6c0003a000 rw-p 00000000 00:00 0 
7f6c0003a000-7f6c04000000 ---p 00000000 00:00 0 
7f6c04400000-7f6c04900000 rw-p 00000000 00:00 0 
7f6c04900000-7f6c049f0000 rw-p 00000000 00:00 0 
7f6c049f0000-7f6c04a00000 ---p 00000000 00:00 0 
7f6c04a00000-7f6c04c00000 rw-p 00000000 00:00 0 
7f6c04c00000-7f6c04d00000 rw-p 00000000 00:00 0 
7f6c04d00000-7f6c04f00000 rw-p 00000000 00:00 0 
7f6c04f00000-7f6c04fe0000 rw-p 00000000 00:00 0 
7f6c04fe0000-7f6c05100000 rw-p 00000000 00:00 0 
7f6c05100000-7f6c05180000 rw-p 00000000 00:00 0 
7f6c05180000-7f6c05200000 rw-p 00000000 00:00 0 
7f6c05200000-7f6c05300000 rw-p 00000000 00:00 0 
7f6c05300000-7f6c05400000 rw-p 00000000 00:00 0 
7f6c05400000-7f6c05500000 rw-p 00000000 00:00 0 
7f6c05500000-7f6c05600000 rw-p 00000000 00:00 0 
7f6c05600000-7f6c05c00000 rw-p 00000000 00:00 0 
7f6c05c00000-7f6c05d00000 rw-p 00000000 00:00 0 
7f6c05d00000-7f6c05e00000 rw-p 00000000 00:00 0 
7f6c05e00000-7f6c06300000 rw-p 00000000 00:00 0 
7f6c06300000-7f6c06400000 rw-p 00000000 00:00 0 
7f6c06600000-7f6c06610000 r-xp 00000000 00:a6c 353                       /home/runner/.cache/jdt-language-server/config/org.eclipse.equinox.launcher/org.eclipse.equinox.launcher.gtk.linux.x86_64_1.2.400.v20211117-0650/eclipse_11600.so
7f6c06610000-7f6c0680f000 ---p 00010000 00:a6c 353                       /home/runner/.cache/jdt-language-server/config/org.eclipse.equinox.launcher/org.eclipse.equinox.launcher.gtk.linux.x86_64_1.2.400.v20211117-0650/eclipse_11600.so
7f6c0680f000-7f6c06810000 r--p 0000f000 00:a6c 353                       /home/runner/.cache/jdt-language-server/config/org.eclipse.equinox.launcher/org.eclipse.equinox.launcher.gtk.linux.x86_64_1.2.400.v20211117-0650/eclipse_11600.so
7f6c06810000-7f6c06811000 rw-p 00010000 00:a6c 353                       /home/runner/.cache/jdt-language-server/config/org.eclipse.equinox.launcher/org.eclipse.equinox.launcher.gtk.linux.x86_64_1.2.400.v20211117-0650/eclipse_11600.so
7f6c08100000-7f6c08200000 ---p 00000000 00:00 0 
7f6c08200000-7f6c087af000 r--p 01122000 00:abc 4611686019135190040       /nix/store/gpxl5qgg8kicmcvivwmybwjlpf7wh20l-graalvm17-ce-22.3.0/lib/libjvmcicompiler.so
7f6c087af000-7f6c08900000 r--p 00000000 00:00 0 
7f6c08900000-7f6c0893d000 rw-p 00000000 00:00 0 
7f6c0893d000-7f6c08e5d000 rw-p 0185f000 00:abc 4611686019135190040       /nix/store/gpxl5qgg8kicmcvivwmybwjlpf7wh20l-graalvm17-ce-22.3.0/lib/libjvmcicompiler.so
7f6c08e5d000-7f6c09244000 r--p 01d7f000 00:abc 4611686019135190040       /nix/store/gpxl5qgg8kicmcvivwmybwjlpf7wh20l-graalvm17-ce-22.3.0/lib/libjvmcicompiler.so
7f6c09300000-7f6c09304000 ---p 00000000 00:00 0 
7f6c09304000-7f6c09400000 rw-p 00000000 00:00 0 
7f6c09500000-7f6c09504000 ---p 00000000 00:00 0 
7f6c09504000-7f6c09600000 rw-p 00000000 00:00 0 
7f6c09600000-7f6c09604000 ---p 00000000 00:00 0 
7f6c09604000-7f6c09700000 rw-p 00000000 00:00 0 
7f6c09700000-7f6c09704000 ---p 00000000 00:00 0 
7f6c09704000-7f6c09800000 rw-p 00000000 00:00 0 
7f6c09900000-7f6c09904000 ---p 00000000 00:00 0 
7f6c09904000-7f6c09a00000 rw-p 00000000 00:00 0 
7f6c09b00000-7f6c09b04000 ---p 00000000 00:00 0 
7f6c09b04000-7f6c09c00000 rw-p 00000000 00:00 0 
7f6c09c00000-7f6c09c04000 ---p 00000000 00:00 0 
7f6c09c04000-7f6c09d00000 rw-p 00000000 00:00 0 
7f6c09d00000-7f6c09d04000 ---p 00000000 00:00 0 
7f6c09d04000-7f6c09e00000 rw-p 00000000 00:00 0 
7f6c09e00000-7f6c09e04000 ---p 00000000 00:00 0 
7f6c09e04000-7f6c09f00000 rw-p 00000000 00:00 0 
7f6c09f00000-7f6c09f04000 ---p 00000000 00:00 0 
7f6c09f04000-7f6c0a000000 rw-p 00000000 00:00 0 
7f6c0a000000-7f6c0a004000 ---p 00000000 00:00 0 
7f6c0a004000-7f6c0a100000 rw-p 00000000 00:00 0 
7f6c0a100000-7f6c0a104000 ---p 00000000 00:00 0 
7f6c0a104000-7f6c0a200000 rw-p 00000000 00:00 0 
7f6c0a200000-7f6c0a204000 ---p 00000000 00:00 0 
7f6c0a204000-7f6c0a300000 rw-p 00000000 00:00 0 
7f6c0a300000-7f6c0a304000 ---p 00000000 00:00 0 
7f6c0a304000-7f6c0a400000 rw-p 00000000 00:00 0 
7f6c0a400000-7f6c0a404000 ---p 00000000 00:00 0 
7f6c0a404000-7f6c0a500000 rw-p 00000000 00:00 0 
7f6c0a500000-7f6c0a504000 ---p 00000000 00:00 0 
7f6c0a504000-7f6c0a600000 rw-p 00000000 00:00 0 
7f6c0a600000-7f6c0a604000 ---p 00000000 00:00 0 
7f6c0a604000-7f6c0a700000 rw-p 00000000 00:00 0 
7f6c0a700000-7f6c0a704000 ---p 00000000 00:00 0 
7f6c0a704000-7f6c0a800000 rw-p 00000000 00:00 0 
7f6c0a900000-7f6c0a904000 ---p 00000000 00:00 0 
7f6c0a904000-7f6c0aa00000 rw-p 00000000 00:00 0 
7f6c0aa00000-7f6c0aa04000 ---p 00000000 00:00 0 
7f6c0aa04000-7f6c0ab00000 rw-p 00000000 00:00 0 
7f6c0ab00000-7f6c0ab04000 ---p 00000000 00:00 0 
7f6c0ab04000-7f6c0ac00000 rw-p 00000000 00:00 0 
7f6c0ad00000-7f6c0ad04000 ---p 00000000 00:00 0 
7f6c0ad04000-7f6c0ae00000 rw-p 00000000 00:00 0 
7f6c0ba68000-7f6c0bf00000 rw-p 00000000 00:00 0 
7f6c0c000000-7f6c0c021000 rw-p 00000000 00:00 0 
7f6c0c021000-7f6c10000000 ---p 00000000 00:00 0 
7f6c10000000-7f6c10021000 rw-p 00000000 00:00 0 
7f6c10021000-7f6c14000000 ---p 00000000 00:00 0 
7f6c14000000-7f6c14071000 rw-p 00000000 00:00 0 
7f6c14071000-7f6c18000000 ---p 00000000 00:00 0 
7f6c18000000-7f6c18021000 rw-p 00000000 00:00 0 
7f6c18021000-7f6c1c000000 ---p 00000000 00:00 0 
7f6c1c000000-7f6c1c0d3000 rw-p 00000000 00:00 0 
7f6c1c0d3000-7f6c20000000 ---p 00000000 00:00 0 
7f6c20000000-7f6c20b45000 rw-p 00000000 00:00 0 
7f6c20b45000-7f6c24000000 ---p 00000000 00:00 0 
7f6c24000000-7f6c24021000 rw-p 00000000 00:00 0 
7f6c24021000-7f6c28000000 ---p 00000000 00:00 0 
7f6c28000000-7f6c28021000 rw-p 00000000 00:00 0 
7f6c28021000-7f6c2c000000 ---p 00000000 00:00 0 
7f6c2c000000-7f6c2c021000 rw-p 00000000 00:00 0 
7f6c2c021000-7f6c30000000 ---p 00000000 00:00 0 
7f6c30000000-7f6c30021000 rw-p 00000000 00:00 0 
7f6c30021000-7f6c34000000 ---p 00000000 00:00 0 
7f6c34000000-7f6c34021000 rw-p 00000000 00:00 0 
7f6c34021000-7f6c38000000 ---p 00000000 00:00 0 
7f6c38000000-7f6c38021000 rw-p 00000000 00:00 0 
7f6c38021000-7f6c3c000000 ---p 00000000 00:00 0 
7f6c3c000000-7f6c3c06b000 rw-p 00000000 00:00 0 
7f6c3c06b000-7f6c40000000 ---p 00000000 00:00 0 
7f6c40000000-7f6c40004000 ---p 00000000 00:00 0 
7f6c40004000-7f6c40100000 rw-p 00000000 00:00 0 
7f6c40100000-7f6c40104000 ---p 00000000 00:00 0 
7f6c40104000-7f6c40200000 rw-p 00000000 00:00 0 
7f6c40200000-7f6c4236a000 r-xp 00000000 00:abc 4611686019135190040       /nix/store/gpxl5qgg8kicmcvivwmybwjlpf7wh20l-graalvm17-ce-22.3.0/lib/libjvmcicompiler.so
7f6c4236a000-7f6c42569000 ---p 0216a000 00:abc 4611686019135190040       /nix/store/gpxl5qgg8kicmcvivwmybwjlpf7wh20l-graalvm17-ce-22.3.0/lib/libjvmcicompiler.so
7f6c42569000-7f6c4256a000 r--p 02169000 00:abc 4611686019135190040       /nix/store/gpxl5qgg8kicmcvivwmybwjlpf7wh20l-graalvm17-ce-22.3.0/lib/libjvmcicompiler.so
7f6c4256a000-7f6c4256c000 rw-p 0216a000 00:abc 4611686019135190040       /nix/store/gpxl5qgg8kicmcvivwmybwjlpf7wh20l-graalvm17-ce-22.3.0/lib/libjvmcicompiler.so
7f6c4256c000-7f6c4256d000 rw-p 00000000 00:00 0 
7f6c4256d000-7f6c42572000 rw-p 023c3000 00:abc 4611686019135190040       /nix/store/gpxl5qgg8kicmcvivwmybwjlpf7wh20l-graalvm17-ce-22.3.0/lib/libjvmcicompiler.so
7f6c425cb000-7f6c425cf000 ---p 00000000 00:00 0 
7f6c425cf000-7f6c426cb000 rw-p 00000000 00:00 0 
7f6c426cb000-7f6c426cc000 ---p 00000000 00:00 0 
7f6c426cc000-7f6c427cd000 rw-p 00000000 00:00 0 
7f6c427cd000-7f6c427d1000 ---p 00000000 00:00 0 
7f6c427d1000-7f6c428cd000 rw-p 00000000 00:00 0 
7f6c428cd000-7f6c428d1000 ---p 00000000 00:00 0 
7f6c428d1000-7f6c429cd000 rw-p 00000000 00:00 0 
7f6c429cd000-7f6c429d1000 ---p 00000000 00:00 0 
7f6c429d1000-7f6c42acd000 rw-p 00000000 00:00 0 
7f6c42acd000-7f6c42ad1000 ---p 00000000 00:00 0 
7f6c42ad1000-7f6c42ccd000 rw-p 00000000 00:00 0 
7f6c42ccd000-7f6c42cd1000 ---p 00000000 00:00 0 
7f6c42cd1000-7f6c42ecd000 rw-p 00000000 00:00 0 
7f6c42ecd000-7f6c42ed1000 ---p 00000000 00:00 0 
7f6c42ed1000-7f6c42fcd000 rw-p 00000000 00:00 0 
7f6c42fcd000-7f6c42fd1000 ---p 00000000 00:00 0 
7f6c42fd1000-7f6c430cd000 rw-p 00000000 00:00 0 
7f6c430cd000-7f6c430d1000 ---p 00000000 00:00 0 
7f6c430d1000-7f6c431cd000 rw-p 00000000 00:00 0 
7f6c431cd000-7f6c434b3000 r--p 00000000 00:937 28444448                  /usr/lib/locale/locale-archive
7f6c434b3000-7f6c43723000 rwxp 00000000 00:00 0 
7f6c43723000-7f6c43a42000 ---p 00000000 00:00 0 
7f6c43a42000-7f6c44ed2000 rwxp 00000000 00:00 0 
7f6c44ed2000-7f6c4af7a000 ---p 00000000 00:00 0 
7f6c4af7a000-7f6c4b20a000 rwxp 00000000 00:00 0 
7f6c4b20a000-7f6c524b3000 ---p 00000000 00:00 0 
7f6c524b3000-7f6c5c000000 r--s 00000000 00:abc 4611686019135192581       /nix/store/gpxl5qgg8kicmcvivwmybwjlpf7wh20l-graalvm17-ce-22.3.0/lib/modules
7f6c5c000000-7f6c5c61e000 rw-p 00000000 00:00 0 
7f6c5c61e000-7f6c60000000 ---p 00000000 00:00 0 
7f6c600fe000-7f6c60102000 ---p 00000000 00:00 0 
7f6c60102000-7f6c601fe000 rw-p 00000000 00:00 0 
7f6c601fe000-7f6c60202000 ---p 00000000 00:00 0 
7f6c60202000-7f6c602fe000 rw-p 00000000 00:00 0 
7f6c602fe000-7f6c602ff000 ---p 00000000 00:00 0 
7f6c602ff000-7f6c60800000 rw-p 00000000 00:00 0 
7f6c60800000-7f6c60b00000 rw-p 00000000 00:00 0 
7f6c60b00000-7f6c60c00000 rw-p 00000000 00:00 0 
7f6c60c0b000-7f6c60c0d000 r-xp 00000000 00:abc 4611686019135190017       /nix/store/gpxl5qgg8kicmcvivwmybwjlpf7wh20l-graalvm17-ce-22.3.0/lib/libextnet.so
7f6c60c0d000-7f6c60c0e000 r--p 00001000 00:abc 4611686019135190017       /nix/store/gpxl5qgg8kicmcvivwmybwjlpf7wh20l-graalvm17-ce-22.3.0/lib/libextnet.so
7f6c60c0e000-7f6c60c0f000 rw-p 00002000 00:abc 4611686019135190017       /nix/store/gpxl5qgg8kicmcvivwmybwjlpf7wh20l-graalvm17-ce-22.3.0/lib/libextnet.so
7f6c60c0f000-7f6c60c10000 rw-p 00004000 00:abc 4611686019135190017       /nix/store/gpxl5qgg8kicmcvivwmybwjlpf7wh20l-graalvm17-ce-22.3.0/lib/libextnet.so
7f6c60c10000-7f6c60c14000 ---p 00000000 00:00 0 
7f6c60c14000-7f6c60c32000 rw-p 00000000 00:00 0 
7f6c60c32000-7f6c60c39000 r-xp 00000000 00:abc 4611686019135192580       /nix/store/gpxl5qgg8kicmcvivwmybwjlpf7wh20l-graalvm17-ce-22.3.0/lib/libzip.so
7f6c60c39000-7f6c60c3a000 ---p 00007000 00:abc 4611686019135192580       /nix/store/gpxl5qgg8kicmcvivwmybwjlpf7wh20l-graalvm17-ce-22.3.0/lib/libzip.so
7f6c60c3a000-7f6c60c3b000 r--p 00007000 00:abc 4611686019135192580       /nix/store/gpxl5qgg8kicmcvivwmybwjlpf7wh20l-graalvm17-ce-22.3.0/lib/libzip.so
7f6c60c3b000-7f6c60c3c000 rw-p 00008000 00:abc 4611686019135192580       /nix/store/gpxl5qgg8kicmcvivwmybwjlpf7wh20l-graalvm17-ce-22.3.0/lib/libzip.so
7f6c60c3c000-7f6c60c3e000 rw-p 0000b000 00:abc 4611686019135192580       /nix/store/gpxl5qgg8kicmcvivwmybwjlpf7wh20l-graalvm17-ce-22.3.0/lib/libzip.so
7f6c60c3e000-7f6c60c53000 r-xp 00000000 00:abc 4611686019135192570       /nix/store/gpxl5qgg8kicmcvivwmybwjlpf7wh20l-graalvm17-ce-22.3.0/lib/libnet.so
7f6c60c53000-7f6c60c54000 ---p 00015000 00:abc 4611686019135192570       /nix/store/gpxl5qgg8kicmcvivwmybwjlpf7wh20l-graalvm17-ce-22.3.0/lib/libnet.so
7f6c60c54000-7f6c60c55000 r--p 00015000 00:abc 4611686019135192570       /nix/store/gpxl5qgg8kicmcvivwmybwjlpf7wh20l-graalvm17-ce-22.3.0/lib/libnet.so
7f6c60c55000-7f6c60c56000 rw-p 00016000 00:abc 4611686019135192570       /nix/store/gpxl5qgg8kicmcvivwmybwjlpf7wh20l-graalvm17-ce-22.3.0/lib/libnet.so
7f6c60c56000-7f6c60c59000 rw-p 0001b000 00:abc 4611686019135192570       /nix/store/gpxl5qgg8kicmcvivwmybwjlpf7wh20l-graalvm17-ce-22.3.0/lib/libnet.so
7f6c60c59000-7f6c60c6c000 r-xp 00000000 00:abc 4611686019135192571       /nix/store/gpxl5qgg8kicmcvivwmybwjlpf7wh20l-graalvm17-ce-22.3.0/lib/libnio.so
7f6c60c6c000-7f6c60c6d000 r--p 00012000 00:abc 4611686019135192571       /nix/store/gpxl5qgg8kicmcvivwmybwjlpf7wh20l-graalvm17-ce-22.3.0/lib/libnio.so
7f6c60c6d000-7f6c60c6e000 rw-p 00013000 00:abc 4611686019135192571       /nix/store/gpxl5qgg8kicmcvivwmybwjlpf7wh20l-graalvm17-ce-22.3.0/lib/libnio.so
7f6c60c6e000-7f6c60c73000 rw-p 00019000 00:abc 4611686019135192571       /nix/store/gpxl5qgg8kicmcvivwmybwjlpf7wh20l-graalvm17-ce-22.3.0/lib/libnio.so
7f6c60c73000-7f6c60d41000 r-xp 00000000 00:abc 4611686019135190036       /nix/store/gpxl5qgg8kicmcvivwmybwjlpf7wh20l-graalvm17-ce-22.3.0/lib/libjsvml.so
7f6c60d41000-7f6c60d42000 r--p 000cd000 00:abc 4611686019135190036       /nix/store/gpxl5qgg8kicmcvivwmybwjlpf7wh20l-graalvm17-ce-22.3.0/lib/libjsvml.so
7f6c60d42000-7f6c60d43000 rw-p 000ce000 00:abc 4611686019135190036       /nix/store/gpxl5qgg8kicmcvivwmybwjlpf7wh20l-graalvm17-ce-22.3.0/lib/libjsvml.so
7f6c60d43000-7f6c6261b000 rw-p 00000000 00:00 0 
7f6c6261b000-7f6c6261c000 ---p 00000000 00:00 0 
7f6c6261c000-7f6c627c7000 rw-p 00000000 00:00 0 
7f6c627c7000-7f6c627ee000 rw-p 00000000 00:00 0 
7f6c627ee000-7f6c6281d000 ---p 00000000 00:00 0 
7f6c6281d000-7f6c62824000 rw-p 00000000 00:00 0 
7f6c62824000-7f6c62909000 ---p 00000000 00:00 0 
7f6c62909000-7f6c62933000 rw-p 00000000 00:00 0 
7f6c62933000-7f6c629f4000 ---p 00000000 00:00 0 
7f6c629f4000-7f6c629f9000 rw-p 00000000 00:00 0 
7f6c629f9000-7f6c62a00000 ---p 00000000 00:00 0 
7f6c62a00000-7f6c62a24000 r-xp 00000000 00:abc 4611686019135190028       /nix/store/gpxl5qgg8kicmcvivwmybwjlpf7wh20l-graalvm17-ce-22.3.0/lib/libjava.so
7f6c62a24000-7f6c62a25000 ---p 00024000 00:abc 4611686019135190028       /nix/store/gpxl5qgg8kicmcvivwmybwjlpf7wh20l-graalvm17-ce-22.3.0/lib/libjava.so
7f6c62a25000-7f6c62a26000 r--p 00024000 00:abc 4611686019135190028       /nix/store/gpxl5qgg8kicmcvivwmybwjlpf7wh20l-graalvm17-ce-22.3.0/lib/libjava.so
7f6c62a26000-7f6c62a27000 rw-p 00025000 00:abc 4611686019135190028       /nix/store/gpxl5qgg8kicmcvivwmybwjlpf7wh20l-graalvm17-ce-22.3.0/lib/libjava.so
7f6c62a27000-7f6c62a28000 rw-p 00000000 00:00 0 
7f6c62a28000-7f6c62a2f000 rw-p 0002f000 00:abc 4611686019135190028       /nix/store/gpxl5qgg8kicmcvivwmybwjlpf7wh20l-graalvm17-ce-22.3.0/lib/libjava.so
7f6c62a2f000-7f6c62a37000 rw-s 00000000 00:76b 350                       /tmp/hsperfdata_runner/31
7f6c62a37000-7f6c62a38000 ---p 00000000 00:00 0 
7f6c62a38000-7f6c62a39000 r--p 00000000 00:00 0 
7f6c62a39000-7f6c62a3a000 rwxp 00000000 00:00 0 
7f6c62a3a000-7f6c62a55000 r-xp 00000000 00:abc 4611686019135190032       /nix/store/gpxl5qgg8kicmcvivwmybwjlpf7wh20l-graalvm17-ce-22.3.0/lib/libjimage.so
7f6c62a55000-7f6c62a56000 ---p 0001b000 00:abc 4611686019135190032       /nix/store/gpxl5qgg8kicmcvivwmybwjlpf7wh20l-graalvm17-ce-22.3.0/lib/libjimage.so
7f6c62a56000-7f6c62a58000 r--p 0001b000 00:abc 4611686019135190032       /nix/store/gpxl5qgg8kicmcvivwmybwjlpf7wh20l-graalvm17-ce-22.3.0/lib/libjimage.so
7f6c62a58000-7f6c62a59000 rw-p 0001d000 00:abc 4611686019135190032       /nix/store/gpxl5qgg8kicmcvivwmybwjlpf7wh20l-graalvm17-ce-22.3.0/lib/libjimage.so
7f6c62a59000-7f6c62a5a000 rw-p 00024000 00:abc 4611686019135190032       /nix/store/gpxl5qgg8kicmcvivwmybwjlpf7wh20l-graalvm17-ce-22.3.0/lib/libjimage.so
7f6c62a5a000-7f6c62a5e000 ---p 00000000 00:00 0 
7f6c62a5e000-7f6c62b5a000 rw-p 00000000 00:00 0 
7f6c62b5a000-7f6c62b68000 r--p 00000000 00:abc 4611686019027979927       /nix/store/4nlgxhb09sdr51nc9hdm8az5b08vzkgx-glibc-2.35-163/lib/libm.so.6
7f6c62b68000-7f6c62bdb000 r-xp 0000e000 00:abc 4611686019027979927       /nix/store/4nlgxhb09sdr51nc9hdm8az5b08vzkgx-glibc-2.35-163/lib/libm.so.6
7f6c62bdb000-7f6c62c38000 r--p 00081000 00:abc 4611686019027979927       /nix/store/4nlgxhb09sdr51nc9hdm8az5b08vzkgx-glibc-2.35-163/lib/libm.so.6
7f6c62c38000-7f6c62c39000 r--p 000dd000 00:abc 4611686019027979927       /nix/store/4nlgxhb09sdr51nc9hdm8az5b08vzkgx-glibc-2.35-163/lib/libm.so.6
7f6c62c39000-7f6c62c3a000 rw-p 000de000 00:abc 4611686019027979927       /nix/store/4nlgxhb09sdr51nc9hdm8az5b08vzkgx-glibc-2.35-163/lib/libm.so.6
7f6c62c3a000-7f6c62c3b000 r--p 00000000 00:abc 4611686019027979946       /nix/store/4nlgxhb09sdr51nc9hdm8az5b08vzkgx-glibc-2.35-163/lib/librt.so.1
7f6c62c3b000-7f6c62c3c000 r-xp 00001000 00:abc 4611686019027979946       /nix/store/4nlgxhb09sdr51nc9hdm8az5b08vzkgx-glibc-2.35-163/lib/librt.so.1
7f6c62c3c000-7f6c62c3d000 r--p 00002000 00:abc 4611686019027979946       /nix/store/4nlgxhb09sdr51nc9hdm8az5b08vzkgx-glibc-2.35-163/lib/librt.so.1
7f6c62c3d000-7f6c62c3e000 r--p 00002000 00:abc 4611686019027979946       /nix/store/4nlgxhb09sdr51nc9hdm8az5b08vzkgx-glibc-2.35-163/lib/librt.so.1
7f6c62c3e000-7f6c62c3f000 rw-p 00003000 00:abc 4611686019027979946       /nix/store/4nlgxhb09sdr51nc9hdm8az5b08vzkgx-glibc-2.35-163/lib/librt.so.1
7f6c62c3f000-7f6c63d52000 r-xp 00000000 00:abc 4611686019135360866       /nix/store/gpxl5qgg8kicmcvivwmybwjlpf7wh20l-graalvm17-ce-22.3.0/lib/server/libjvm.so
7f6c63d52000-7f6c63d53000 ---p 01113000 00:abc 4611686019135360866       /nix/store/gpxl5qgg8kicmcvivwmybwjlpf7wh20l-graalvm17-ce-22.3.0/lib/server/libjvm.so
7f6c63d53000-7f6c63e08000 r--p 01113000 00:abc 4611686019135360866       /nix/store/gpxl5qgg8kicmcvivwmybwjlpf7wh20l-graalvm17-ce-22.3.0/lib/server/libjvm.so
7f6c63e08000-7f6c63e3c000 rw-p 011c8000 00:abc 4611686019135360866       /nix/store/gpxl5qgg8kicmcvivwmybwjlpf7wh20l-graalvm17-ce-22.3.0/lib/server/libjvm.so
7f6c63e3c000-7f6c63e98000 rw-p 00000000 00:00 0 
7f6c63e98000-7f6c63ec0000 r--p 00000000 00:abc 4611686019027979918       /nix/store/4nlgxhb09sdr51nc9hdm8az5b08vzkgx-glibc-2.35-163/lib/libc.so.6
7f6c63ec0000-7f6c64036000 r-xp 00028000 00:abc 4611686019027979918       /nix/store/4nlgxhb09sdr51nc9hdm8az5b08vzkgx-glibc-2.35-163/lib/libc.so.6
7f6c64036000-7f6c6408e000 r--p 0019e000 00:abc 4611686019027979918       /nix/store/4nlgxhb09sdr51nc9hdm8az5b08vzkgx-glibc-2.35-163/lib/libc.so.6
7f6c6408e000-7f6c64092000 r--p 001f6000 00:abc 4611686019027979918       /nix/store/4nlgxhb09sdr51nc9hdm8az5b08vzkgx-glibc-2.35-163/lib/libc.so.6
7f6c64092000-7f6c64094000 rw-p 001fa000 00:abc 4611686019027979918       /nix/store/4nlgxhb09sdr51nc9hdm8az5b08vzkgx-glibc-2.35-163/lib/libc.so.6
7f6c64094000-7f6c640a3000 rw-p 00000000 00:00 0 
7f6c640a3000-7f6c640a4000 r--p 00000000 00:abc 4611686019027979923       /nix/store/4nlgxhb09sdr51nc9hdm8az5b08vzkgx-glibc-2.35-163/lib/libdl.so.2
7f6c640a4000-7f6c640a5000 r-xp 00001000 00:abc 4611686019027979923       /nix/store/4nlgxhb09sdr51nc9hdm8az5b08vzkgx-glibc-2.35-163/lib/libdl.so.2
7f6c640a5000-7f6c640a6000 r--p 00002000 00:abc 4611686019027979923       /nix/store/4nlgxhb09sdr51nc9hdm8az5b08vzkgx-glibc-2.35-163/lib/libdl.so.2
7f6c640a6000-7f6c640a7000 r--p 00002000 00:abc 4611686019027979923       /nix/store/4nlgxhb09sdr51nc9hdm8az5b08vzkgx-glibc-2.35-163/lib/libdl.so.2
7f6c640a7000-7f6c640a8000 rw-p 00003000 00:abc 4611686019027979923       /nix/store/4nlgxhb09sdr51nc9hdm8az5b08vzkgx-glibc-2.35-163/lib/libdl.so.2
7f6c640a8000-7f6c640a9000 r--p 00000000 00:abc 4611686019027979942       /nix/store/4nlgxhb09sdr51nc9hdm8az5b08vzkgx-glibc-2.35-163/lib/libpthread.so.0
7f6c640a9000-7f6c640aa000 r-xp 00001000 00:abc 4611686019027979942       /nix/store/4nlgxhb09sdr51nc9hdm8az5b08vzkgx-glibc-2.35-163/lib/libpthread.so.0
7f6c640aa000-7f6c640ab000 r--p 00002000 00:abc 4611686019027979942       /nix/store/4nlgxhb09sdr51nc9hdm8az5b08vzkgx-glibc-2.35-163/lib/libpthread.so.0
7f6c640ab000-7f6c640ac000 r--p 00002000 00:abc 4611686019027979942       /nix/store/4nlgxhb09sdr51nc9hdm8az5b08vzkgx-glibc-2.35-163/lib/libpthread.so.0
7f6c640ac000-7f6c640ad000 rw-p 00003000 00:abc 4611686019027979942       /nix/store/4nlgxhb09sdr51nc9hdm8az5b08vzkgx-glibc-2.35-163/lib/libpthread.so.0
7f6c640ad000-7f6c640bb000 r-xp 00000000 00:abc 4611686019135190033       /nix/store/gpxl5qgg8kicmcvivwmybwjlpf7wh20l-graalvm17-ce-22.3.0/lib/libjli.so
7f6c640bb000-7f6c640bc000 ---p 0000e000 00:abc 4611686019135190033       /nix/store/gpxl5qgg8kicmcvivwmybwjlpf7wh20l-graalvm17-ce-22.3.0/lib/libjli.so
7f6c640bc000-7f6c640bd000 r--p 0000e000 00:abc 4611686019135190033       /nix/store/gpxl5qgg8kicmcvivwmybwjlpf7wh20l-graalvm17-ce-22.3.0/lib/libjli.so
7f6c640bd000-7f6c640be000 rw-p 0000f000 00:abc 4611686019135190033       /nix/store/gpxl5qgg8kicmcvivwmybwjlpf7wh20l-graalvm17-ce-22.3.0/lib/libjli.so
7f6c640be000-7f6c640bf000 rw-p 00012000 00:abc 4611686019135190033       /nix/store/gpxl5qgg8kicmcvivwmybwjlpf7wh20l-graalvm17-ce-22.3.0/lib/libjli.so
7f6c640bf000-7f6c640c2000 r--p 00000000 00:abc 4611686019106210071       /nix/store/026hln0aq1hyshaxsdvhg0kmcm6yf45r-zlib-1.2.13/lib/libz.so.1.2.13
7f6c640c2000-7f6c640d4000 r-xp 00003000 00:abc 4611686019106210071       /nix/store/026hln0aq1hyshaxsdvhg0kmcm6yf45r-zlib-1.2.13/lib/libz.so.1.2.13
7f6c640d4000-7f6c640db000 r--p 00015000 00:abc 4611686019106210071       /nix/store/026hln0aq1hyshaxsdvhg0kmcm6yf45r-zlib-1.2.13/lib/libz.so.1.2.13
7f6c640db000-7f6c640dc000 r--p 0001b000 00:abc 4611686019106210071       /nix/store/026hln0aq1hyshaxsdvhg0kmcm6yf45r-zlib-1.2.13/lib/libz.so.1.2.13
7f6c640dc000-7f6c640dd000 rw-p 0001c000 00:abc 4611686019106210071       /nix/store/026hln0aq1hyshaxsdvhg0kmcm6yf45r-zlib-1.2.13/lib/libz.so.1.2.13
7f6c640dd000-7f6c640df000 rw-p 00000000 00:00 0 
7f6c640df000-7f6c640e1000 r--p 00000000 00:abc 4611686019027979912       /nix/store/4nlgxhb09sdr51nc9hdm8az5b08vzkgx-glibc-2.35-163/lib/ld-linux-x86-64.so.2
7f6c640e1000-7f6c64108000 r-xp 00002000 00:abc 4611686019027979912       /nix/store/4nlgxhb09sdr51nc9hdm8az5b08vzkgx-glibc-2.35-163/lib/ld-linux-x86-64.so.2
7f6c64108000-7f6c64114000 r--p 00029000 00:abc 4611686019027979912       /nix/store/4nlgxhb09sdr51nc9hdm8az5b08vzkgx-glibc-2.35-163/lib/ld-linux-x86-64.so.2
7f6c64114000-7f6c64116000 r--p 00034000 00:abc 4611686019027979912       /nix/store/4nlgxhb09sdr51nc9hdm8az5b08vzkgx-glibc-2.35-163/lib/ld-linux-x86-64.so.2
7f6c64116000-7f6c64118000 rw-p 00036000 00:abc 4611686019027979912       /nix/store/4nlgxhb09sdr51nc9hdm8az5b08vzkgx-glibc-2.35-163/lib/ld-linux-x86-64.so.2
7fffd77e2000-7fffd7806000 rw-p 00000000 00:00 0                          [stack]
7fffd79aa000-7fffd79ae000 r--p 00000000 00:00 0                          [vvar]
7fffd79ae000-7fffd79b0000 r-xp 00000000 00:00 0                          [vdso]
ffffffffff600000-ffffffffff601000 --xp 00000000 00:00 0                  [vsyscall]


VM Arguments:
jvm_args: -XX:ThreadPriorityPolicy=1 -XX:+UnlockExperimentalVMOptions -XX:+EnableJVMCIProduct -XX:JVMCIThreadsPerNativeLibraryRuntime=1 -XX:-UnlockExperimentalVMOptions -Declipse.application=org.eclipse.jdt.ls.core.id1 -Dosgi.bundles.defaultStartLevel=4 -Declipse.product=org.eclipse.jdt.ls.core.product -Dlog.level=ALL -Xverify:none -XX:+UseParallelGC -XX:GCTimeRatio=4 -XX:AdaptiveSizePolicyWeight=90 -Dsun.zip.disableMemoryMapping=true -Xmx512m -Xms100m 
java_command: /nix/store/m6gcpi1ii6rghy04cjwjddcavv7i90df-jdt-language-server-1.9.0/share/java/plugins/org.eclipse.equinox.launcher_1.6.400.v20210924-0641.jar --add-modules=ALL-SYSTEM --add-opens java.base/java.util=ALL-UNNAMED --add-opens java.base/java.lang=ALL-UNNAMED -configuration /home/runner/.cache/jdt-language-server/config -data /home/runner/.cache/jdt-language-server/data/home/runner/data-analytics-Clazedognut
java_class_path (initial): /nix/store/m6gcpi1ii6rghy04cjwjddcavv7i90df-jdt-language-server-1.9.0/share/java/plugins/org.eclipse.equinox.launcher_1.6.400.v20210924-0641.jar
Launcher Type: SUN_STANDARD

[Global flags]
    uintx AdaptiveSizePolicyWeight                 = 90                                        {product} {command line}
     intx CICompilerCount                          = 2                                         {product} {ergonomic}
     bool EnableJVMCIProduct                       = true                                {JVMCI product} {jimage}
    uintx GCTimeRatio                              = 4                                         {product} {command line}
   size_t InitialHeapSize                          = 104857600                                 {product} {command line}
     uint JVMCIThreadsPerNativeLibraryRuntime      = 1                                   {JVMCI product} {jimage}
   size_t MaxHeapSize                              = 536870912                                 {product} {command line}
   size_t MaxNewSize                               = 178782208                                 {product} {ergonomic}
   size_t MinHeapDeltaBytes                        = 524288                                    {product} {ergonomic}
   size_t MinHeapSize                              = 104857600                                 {product} {command line}
   size_t NewSize                                  = 34603008                                  {product} {ergonomic}
    uintx NonNMethodCodeHeapSize                   = 5826188                                {pd product} {ergonomic}
    uintx NonProfiledCodeHeapSize                  = 122916026                              {pd product} {ergonomic}
   size_t OldSize                                  = 70254592                                  {product} {ergonomic}
    uintx ProfiledCodeHeapSize                     = 122916026                              {pd product} {ergonomic}
    uintx ReservedCodeCacheSize                    = 251658240                              {pd product} {ergonomic}
     bool SegmentedCodeCache                       = true                                      {product} {ergonomic}
   size_t SoftMaxHeapSize                          = 536870912                              {manageable} {ergonomic}
     intx ThreadPriorityPolicy                     = 1                                         {product} {jimage}
     bool UseCompressedClassPointers               = true                           {product lp64_product} {ergonomic}
     bool UseCompressedOops                        = true                           {product lp64_product} {ergonomic}
     bool UseParallelGC                            = true                                      {product} {command line}

Logging:
Log output configuration:
 #0: stdout all=warning uptime,level,tags
 #1: stderr all=off uptime,level,tags

Environment Variables:
JAVA_HOME=/nix/store/gpxl5qgg8kicmcvivwmybwjlpf7wh20l-graalvm17-ce-22.3.0
PATH=/nix/store/1d6ian3r8kdzspw8hacjhl3xkp40g1lj-binutils-wrapper-2.39/bin:/nix/store/dq0xwmsk1g0i2ayg6pb7y87na2knzylh-gcc-wrapper-11.3.0/bin:/nix/store/bap4d0lpcrhpwmpb8ayjcgkmvfj62lnq-bash-interactive-5.1-p16/bin:/nix/store/pr5n59mb4jzmfx6kanwxly0l07p861fg-patchelf-0.15.0/bin:/nix/store/1gf2flfqnpqbr1b4p4qz2f72y42bs56r-gcc-11.3.0/bin:/nix/store/57xv61c5zi8pphjbcwxxjlgc34p61ic9-glibc-2.35-163-bin/bin:/nix/store/a7gvj343m05j2s32xcnwr35v31ynlypr-coreutils-9.1/bin:/nix/store/039g378vc3pc3dvi9dzdlrd0i4q93qwf-binutils-2.39/bin:/nix/store/gpxl5qgg8kicmcvivwmybwjlpf7wh20l-graalvm17-ce-22.3.0/bin:/nix/store/6z9ag3ihc8mq2hzsw48lhbznvzny65nz-apache-maven-3.8.6/bin:/nix/store/m6gcpi1ii6rghy04cjwjddcavv7i90df-jdt-language-server-1.9.0/bin:/nix/store/84xs5alhs01zrbr4ywm05kxbjbp5590l-java-debug/bin:/nix/store/mydc6f4k2z73xlcz7ilif3v2lcaiqvza-findutils-4.9.0/bin:/nix/store/j9p3g8472iijd50vhdprx0nmk2fqn5gv-diffutils-3.8/bin:/nix/store/89zs7rms6x00xfq4dq6m7mjnhkr8a6r4-gnused-4.8/bin:/nix/store/86bp03jkmsl6f92w0yzg4s59g5mhxwmy-gnugrep-3.7/bin:/nix/store/hwcdqw4jrjnd37wxqgsd47hd0j8bnj09-gawk-5.1.1/bin:/nix/store/cfbhw8r8ags41vwqaz47r583d0p4h4a1-gnutar-1.34/bin:/nix/store/p3m1ndl1lapwrlh698bnb5lvvxh67378-gzip-1.12/bin:/nix/store/a8mhcagrsly7c7mpjrpsnaahk4aax056-bzip2-1.0.8-bin/bin:/nix/store/mblgz65m3zv9x548a3d5m96fj2pbwr09-gnumake-4.3/bin:/nix/store/dsd5gz46hdbdk2rfdimqddhq6m8m8fqs-bash-5.1-p16/bin:/nix/store/v7ljksji50mg3w61dykaa3n3y79n6nil-patch-2.7.6/bin:/nix/store/zlcnmqq14jz5x9439jf937mvayyl63da-xz-5.2.7-bin/bin:/nix/store/y6aj732zm9m87c82fpvf103a1xb22blp-file-5.43/bin:/nix/store/sgqd0ajghcv2axfl1lad0b1alyavp0dc-prybar-elisp-0.0.0-67f7a00/bin:/nix/store/p3hsvljpgs68jqwar41lc0jqhjj734lf-prybar-lua-0.0.0-67f7a00/bin:/nix/store/qzxs2gybds3s9kb1vkaflpgm2nwr85fh-prybar-python3-0.0.0-67f7a00/bin:/nix/store/km94z9mxp8w4m8gxxp5mbfpdf3nkfvd8-prybar-sqlite-0.0.0-67f7a00/bin:/nix/store/2pnc7b76asw0z59c4l6h6qy8arwqrii1-prybar-tcl-0.0.0-67f7a00/bin:/nix/store/hpbvrlwd5viqmvcaisb3x0118i913a9n-st
LD_LIBRARY_PATH=/nix/store/a4pff549sk2idnkpzk5nsfps3mdkdnvm-cups-2.4.2-lib/lib:/nix/store/72mqxxhh3cy5yifh92wh2yb8cl2hikyy-cairo-1.16.0/lib:/nix/store/2k366jrbsra97gjfxwvrhvixjfxdach5-glib-2.74.1/lib:/nix/store/2j2znigd8ak37rlwh9khz0ry3clqlw1l-gtk+3-3.24.34/lib:/nix/store/hisqvx32cd57apbpcsnkpx6k3549wql1-libglvnd-1.4.0/lib:/nix/store/p36pgcv991mq5srvg765b78yqpxvk3qs-mesa-21.3.3-drivers/lib:/nix/store/mav4251if1ahjq5vkpwycyyvnmy459c4-pulseaudio-14.2/lib
DISPLAY=:0
LANG=en_US.UTF-8

Signal Handlers:
   SIGSEGV: crash_handler in libjvm.so, mask=11100100010111111101111111111110, flags=SA_RESTART|SA_SIGINFO
    SIGBUS: crash_handler in libjvm.so, mask=11100100010111111101111111111110, flags=SA_RESTART|SA_SIGINFO
    SIGFPE: crash_handler in libjvm.so, mask=11100100010111111101111111111110, flags=SA_RESTART|SA_SIGINFO
   SIGPIPE: IsolateEnterStub_IgnoreSIGPIPEStartupHook_noopSignalHandler_8f19bff2f35b5f630d83b364d6b2339320d4ec70_216e8361c6bc87a8f89f58cc10d3b2fd4415bf87 in libjvmcicompiler.so, mask=00000000000000000000000000000000, flags=SA_RESTART
  *** Handler was modified!
  *** Expected: javaSignalHandler in libjvm.so, mask=11100100110111111111111111111110, flags=SA_RESTART|SA_SIGINFO
   SIGXFSZ: javaSignalHandler in libjvm.so, mask=11100100010111111101111111111110, flags=SA_RESTART|SA_SIGINFO
    SIGILL: crash_handler in libjvm.so, mask=11100100010111111101111111111110, flags=SA_RESTART|SA_SIGINFO
   SIGUSR2: SR_handler in libjvm.so, mask=00000000000000000000000000000000, flags=SA_RESTART|SA_SIGINFO
    SIGHUP: UserHandler in libjvm.so, mask=11100100010111111101111111111110, flags=SA_RESTART|SA_SIGINFO
    SIGINT: UserHandler in libjvm.so, mask=11100100010111111101111111111110, flags=SA_RESTART|SA_SIGINFO
   SIGTERM: UserHandler in libjvm.so, mask=11100100010111111101111111111110, flags=SA_RESTART|SA_SIGINFO
   SIGQUIT: UserHandler in libjvm.so, mask=11100100010111111101111111111110, flags=SA_RESTART|SA_SIGINFO
  *** Handler was modified!
  *** Expected: javaSignalHandler in libjvm.so, mask=11100100110111111111111111111110, flags=SA_RESTART|SA_SIGINFO
   SIGTRAP: crash_handler in libjvm.so, mask=11100100010111111101111111111110, flags=SA_RESTART|SA_SIGINFO


---------------  S Y S T E M  ---------------

OS:
DISTRIB_ID=Ubuntu
DISTRIB_RELEASE=20.04
DISTRIB_CODENAME=focal
DISTRIB_DESCRIPTION="Ubuntu 20.04.2 LTS"
uname: Linux 5.15.0-1029-gcp #36~20.04.1-Ubuntu SMP Tue Jan 24 16:54:15 UTC 2023 x86_64
OS uptime: 0 days 14:34 hours
libc: glibc 2.35 NPTL 2.35 
rlimit (soft/hard): STACK 8192k/infinity , CORE infinity/infinity , NPROC infinity/infinity , NOFILE 5242/5242 , AS infinity/infinity , CPU infinity/infinity , DATA infinity/infinity , FSIZE infinity/infinity , MEMLOCK 64k/64k
load average: 42.04 37.52 27.20

/proc/meminfo:
MemTotal:       65852724 kB
MemFree:        11656988 kB
MemAvailable:   44802688 kB
Buffers:         3990516 kB
Cached:         27028540 kB
SwapCached:            0 kB
Active:         15038656 kB
Inactive:       33365660 kB
Active(anon):      16752 kB
Inactive(anon): 17116400 kB
Active(file):   15021904 kB
Inactive(file): 16249260 kB
Unevictable:       44856 kB
Mlocked:           44856 kB
SwapTotal:             0 kB
SwapFree:              0 kB
Dirty:              7808 kB
Writeback:             0 kB
AnonPages:      16164180 kB
Mapped:          2069512 kB
Shmem:             80328 kB
KReclaimable:    2601136 kB
Slab:            4772888 kB
SReclaimable:    2601136 kB
SUnreclaim:      2171752 kB
KernelStack:      407904 kB
PageTables:       168092 kB
NFS_Unstable:          0 kB
Bounce:                0 kB
WritebackTmp:          0 kB
CommitLimit:    32926360 kB
Committed_AS:   72125956 kB
VmallocTotal:   34359738367 kB
VmallocUsed:      455188 kB
VmallocChunk:          0 kB
Percpu:            75328 kB
HardwareCorrupted:     0 kB
AnonHugePages:   1079296 kB
ShmemHugePages:        0 kB
ShmemPmdMapped:        0 kB
FileHugePages:         0 kB
FilePmdMapped:         0 kB
HugePages_Total:       0
HugePages_Free:        0
HugePages_Rsvd:        0
HugePages_Surp:        0
Hugepagesize:       2048 kB
Hugetlb:               0 kB
DirectMap4k:     6288192 kB
DirectMap2M:    52428800 kB
DirectMap1G:    10485760 kB

/sys/kernel/mm/transparent_hugepage/enabled: always [madvise] never
/sys/kernel/mm/transparent_hugepage/defrag (defrag/compaction efforts parameter): always defer defer+madvise [madvise] never

Process Memory:
Virtual Size: 4923004K (peak: 4951868K)
Resident Set Size: 767692K (peak: 799748K) (anon: 571868K, file: 195824K, shmem: 0K)
Swapped out: 0K
C-Heap outstanding allocations: 42088K, retained: 14947K
glibc malloc tunables: (default)

/proc/sys/kernel/threads-max (system-wide limit on the number of threads): 514406
/proc/sys/vm/max_map_count (maximum number of memory map areas a process may have): 65530
/proc/sys/kernel/pid_max (system-wide limit on number of process identifiers): 4194304

container (cgroup) information:
container_type: cgroupv1
cpu_cpuset_cpus: 2-7
cpu_memory_nodes: 0
active_processor_count: 1
cpu_quota: 50000
cpu_period: 100000
cpu_shares: 512
memory_limit_in_bytes: 1048576 k
memory_and_swap_limit_in_bytes: 1048576 k
memory_soft_limit_in_bytes: 524288 k
memory_usage_in_bytes: 610332 k
memory_max_usage_in_bytes: 635644 k
maximum number of tasks: 1000
current number of tasks: 56

KVM virtualization detected
Steal ticks since vm start: 0
Steal ticks percentage since vm start:  0.000

CPU: total 8 (initial active 1) (8 cores per cpu, 2 threads per core) family 23 model 49 stepping 0 microcode 0xffffffff, cx8, cmov, fxsr, ht, mmx, 3dnowpref, sse, sse2, sse3, ssse3, sse4a, sse4.1, sse4.2, popcnt, lzcnt, tsc, tscinvbit, avx, avx2, aes, clmul, bmi1, bmi2, adx, sha, fma, vzeroupper, clflush, clflushopt, hv
CPU Model and flags from /proc/cpuinfo:
model name	: AMD EPYC 7B12
flags		: fpu vme de pse tsc msr pae mce cx8 apic sep mtrr pge mca cmov pat pse36 clflush mmx fxsr sse sse2 ht syscall nx mmxext fxsr_opt pdpe1gb rdtscp lm constant_tsc rep_good nopl nonstop_tsc cpuid extd_apicid tsc_known_freq pni pclmulqdq ssse3 fma cx16 sse4_1 sse4_2 movbe popcnt aes xsave avx f16c rdrand hypervisor lahf_lm cmp_legacy cr8_legacy abm sse4a misalignsse 3dnowprefetch osvw topoext ssbd ibrs ibpb stibp vmmcall fsgsbase tsc_adjust bmi1 avx2 smep bmi2 rdseed adx smap clflushopt clwb sha_ni xsaveopt xsavec xgetbv1 clzero xsaveerptr arat npt nrip_save umip rdpid

Online cpus: 0-7
Offline cpus: 
BIOS frequency limitation: <Not Available>
Frequency switch latency (ns): <Not Available>
Available cpu frequencies: <Not Available>
Current governor: <Not Available>
Core performance/turbo boost: <Not Available>

Memory: 4k page, physical 1048576k(438244k free), swap 0k(0k free)
Page Sizes: 4k

vm_info: OpenJDK 64-Bit Server VM (17.0.5+8-jvmci-22.3-b08) for linux-amd64 JRE (17.0.5+8-jvmci-22.3-b08), built on Oct 19 2022 09:01:27 by "buildslave" with gcc 10.3.0

END.
